
*** Running vivado
    with args -log top.vds -m64 -product Vivado -mode batch -messageDb vivado.pb -notrace -source top.tcl


****** Vivado v2024.2 (64-bit)
  **** SW Build 5239630 on Fri Nov 08 22:34:34 MST 2024
  **** IP Build 5239520 on Sun Nov 10 16:12:51 MST 2024
  **** SharedData Build 5239561 on Fri Nov 08 14:39:27 MST 2024
  **** Start of session at: Thu Apr  3 09:49:51 2025
    ** Copyright 1986-2022 Xilinx, Inc. All Rights Reserved.
    ** Copyright 2022-2024 Advanced Micro Devices, Inc. All Rights Reserved.

source top.tcl -notrace
INFO: [IP_Flow 19-234] Refreshing IP repositories
INFO: [IP_Flow 19-1704] No user IP repositories specified
INFO: [IP_Flow 19-2313] Loaded Vivado IP repository '/work_extra/tools/Xilinx/Vivado/2024.2/data/ip'.
INFO: [Project 1-5578] Found utility IPs instantiated in block design /home/khanna/CMAC-HBM/PCIe-HBM_basic-prj/vivado_gen/pcie-hbm_sim/pcie-hbm_sim.srcs/sources_1/bd/qdma_hbm_bd/qdma_hbm_bd.bd which have equivalent inline hdl with improved performance and reduced diskspace.
It is recommended to migrate these utility IPs to inline hdl  using the command upgrade_project -migrate_to_inline_hdl.  The utility IPs may be deprecated in future releases.
More information on inline hdl is available in UG994. 
Command: synth_design -top top -part xcu55c-fsvh2892-2L-e
Starting synth_design
Attempting to get a license for feature 'Synthesis' and/or device 'xcu55c'
INFO: [Common 17-349] Got license for feature 'Synthesis' and/or device 'xcu55c'
INFO: [Device 21-403] Loading part xcu55c-fsvh2892-2L-e
INFO: [Synth 8-7079] Multithreading enabled for synth_design using a maximum of 7 processes.
INFO: [Synth 8-7078] Launching helper process for spawning children vivado processes
INFO: [Synth 8-7075] Helper process launched with PID 1610762
---------------------------------------------------------------------------------
Starting RTL Elaboration : Time (s): cpu = 00:00:03 ; elapsed = 00:00:03 . Memory (MB): peak = 3229.879 ; gain = 264.727 ; free physical = 24065 ; free virtual = 51076
---------------------------------------------------------------------------------
INFO: [Synth 8-6157] synthesizing module 'top' [/home/khanna/CMAC-HBM/PCIe-HBM_basic-prj/src/qdma_top.sv:3]
INFO: [Synth 8-6157] synthesizing module 'IBUFDS_GTE4' [/work_extra/tools/Xilinx/Vivado/2024.2/scripts/rt/data/unisim_comp.v:76017]
	Parameter REFCLK_HROW_CK_SEL bound to: 2'b00 
INFO: [Synth 8-6155] done synthesizing module 'IBUFDS_GTE4' (0#1) [/work_extra/tools/Xilinx/Vivado/2024.2/scripts/rt/data/unisim_comp.v:76017]
INFO: [Synth 8-6157] synthesizing module 'IBUF' [/work_extra/tools/Xilinx/Vivado/2024.2/scripts/rt/data/unisim_comp.v:75825]
INFO: [Synth 8-6155] done synthesizing module 'IBUF' (0#1) [/work_extra/tools/Xilinx/Vivado/2024.2/scripts/rt/data/unisim_comp.v:75825]
INFO: [Synth 8-6157] synthesizing module 'qdma_hbm_bd' [/home/khanna/CMAC-HBM/PCIe-HBM_basic-prj/vivado_gen/pcie-hbm_sim/pcie-hbm_sim.gen/sources_1/bd/qdma_hbm_bd/synth/qdma_hbm_bd.v:13]
INFO: [Synth 8-6157] synthesizing module 'qdma_hbm_bd_axi_bram_ctrl_0_0' [/home/khanna/CMAC-HBM/PCIe-HBM_basic-prj/vivado_gen/pcie-hbm_sim/pcie-hbm_sim.runs/synth_1/.Xil/Vivado-1610712-ogreOptiPlex/realtime/qdma_hbm_bd_axi_bram_ctrl_0_0_stub.v:6]
INFO: [Synth 8-6155] done synthesizing module 'qdma_hbm_bd_axi_bram_ctrl_0_0' (0#1) [/home/khanna/CMAC-HBM/PCIe-HBM_basic-prj/vivado_gen/pcie-hbm_sim/pcie-hbm_sim.runs/synth_1/.Xil/Vivado-1610712-ogreOptiPlex/realtime/qdma_hbm_bd_axi_bram_ctrl_0_0_stub.v:6]
INFO: [Synth 8-6157] synthesizing module 'qdma_hbm_bd_blk_mem_gen_0_0' [/home/khanna/CMAC-HBM/PCIe-HBM_basic-prj/vivado_gen/pcie-hbm_sim/pcie-hbm_sim.runs/synth_1/.Xil/Vivado-1610712-ogreOptiPlex/realtime/qdma_hbm_bd_blk_mem_gen_0_0_stub.v:6]
INFO: [Synth 8-6155] done synthesizing module 'qdma_hbm_bd_blk_mem_gen_0_0' (0#1) [/home/khanna/CMAC-HBM/PCIe-HBM_basic-prj/vivado_gen/pcie-hbm_sim/pcie-hbm_sim.runs/synth_1/.Xil/Vivado-1610712-ogreOptiPlex/realtime/qdma_hbm_bd_blk_mem_gen_0_0_stub.v:6]
WARNING: [Synth 8-7071] port 'rsta_busy' of module 'qdma_hbm_bd_blk_mem_gen_0_0' is unconnected for instance 'blk_mem_gen_0' [/home/khanna/CMAC-HBM/PCIe-HBM_basic-prj/vivado_gen/pcie-hbm_sim/pcie-hbm_sim.gen/sources_1/bd/qdma_hbm_bd/synth/qdma_hbm_bd.v:254]
WARNING: [Synth 8-7023] instance 'blk_mem_gen_0' of module 'qdma_hbm_bd_blk_mem_gen_0_0' has 8 connections declared, but only 7 given [/home/khanna/CMAC-HBM/PCIe-HBM_basic-prj/vivado_gen/pcie-hbm_sim/pcie-hbm_sim.gen/sources_1/bd/qdma_hbm_bd/synth/qdma_hbm_bd.v:254]
INFO: [Synth 8-6157] synthesizing module 'qdma_hbm_bd_clk_wiz_0_0' [/home/khanna/CMAC-HBM/PCIe-HBM_basic-prj/vivado_gen/pcie-hbm_sim/pcie-hbm_sim.runs/synth_1/.Xil/Vivado-1610712-ogreOptiPlex/realtime/qdma_hbm_bd_clk_wiz_0_0_stub.v:6]
INFO: [Synth 8-6155] done synthesizing module 'qdma_hbm_bd_clk_wiz_0_0' (0#1) [/home/khanna/CMAC-HBM/PCIe-HBM_basic-prj/vivado_gen/pcie-hbm_sim/pcie-hbm_sim.runs/synth_1/.Xil/Vivado-1610712-ogreOptiPlex/realtime/qdma_hbm_bd_clk_wiz_0_0_stub.v:6]
INFO: [Synth 8-6157] synthesizing module 'qdma_hbm_bd_hbm_0_0' [/home/khanna/CMAC-HBM/PCIe-HBM_basic-prj/vivado_gen/pcie-hbm_sim/pcie-hbm_sim.runs/synth_1/.Xil/Vivado-1610712-ogreOptiPlex/realtime/qdma_hbm_bd_hbm_0_0_stub.v:6]
INFO: [Synth 8-6155] done synthesizing module 'qdma_hbm_bd_hbm_0_0' (0#1) [/home/khanna/CMAC-HBM/PCIe-HBM_basic-prj/vivado_gen/pcie-hbm_sim/pcie-hbm_sim.runs/synth_1/.Xil/Vivado-1610712-ogreOptiPlex/realtime/qdma_hbm_bd_hbm_0_0_stub.v:6]
WARNING: [Synth 8-7071] port 'AXI_15_RDATA_PARITY' of module 'qdma_hbm_bd_hbm_0_0' is unconnected for instance 'hbm_0' [/home/khanna/CMAC-HBM/PCIe-HBM_basic-prj/vivado_gen/pcie-hbm_sim/pcie-hbm_sim.gen/sources_1/bd/qdma_hbm_bd/synth/qdma_hbm_bd.v:268]
WARNING: [Synth 8-7071] port 'AXI_15_RID' of module 'qdma_hbm_bd_hbm_0_0' is unconnected for instance 'hbm_0' [/home/khanna/CMAC-HBM/PCIe-HBM_basic-prj/vivado_gen/pcie-hbm_sim/pcie-hbm_sim.gen/sources_1/bd/qdma_hbm_bd/synth/qdma_hbm_bd.v:268]
WARNING: [Synth 8-7071] port 'AXI_15_BID' of module 'qdma_hbm_bd_hbm_0_0' is unconnected for instance 'hbm_0' [/home/khanna/CMAC-HBM/PCIe-HBM_basic-prj/vivado_gen/pcie-hbm_sim/pcie-hbm_sim.gen/sources_1/bd/qdma_hbm_bd/synth/qdma_hbm_bd.v:268]
WARNING: [Synth 8-7071] port 'AXI_16_RDATA_PARITY' of module 'qdma_hbm_bd_hbm_0_0' is unconnected for instance 'hbm_0' [/home/khanna/CMAC-HBM/PCIe-HBM_basic-prj/vivado_gen/pcie-hbm_sim/pcie-hbm_sim.gen/sources_1/bd/qdma_hbm_bd/synth/qdma_hbm_bd.v:268]
WARNING: [Synth 8-7071] port 'AXI_16_RID' of module 'qdma_hbm_bd_hbm_0_0' is unconnected for instance 'hbm_0' [/home/khanna/CMAC-HBM/PCIe-HBM_basic-prj/vivado_gen/pcie-hbm_sim/pcie-hbm_sim.gen/sources_1/bd/qdma_hbm_bd/synth/qdma_hbm_bd.v:268]
WARNING: [Synth 8-7071] port 'AXI_16_BID' of module 'qdma_hbm_bd_hbm_0_0' is unconnected for instance 'hbm_0' [/home/khanna/CMAC-HBM/PCIe-HBM_basic-prj/vivado_gen/pcie-hbm_sim/pcie-hbm_sim.gen/sources_1/bd/qdma_hbm_bd/synth/qdma_hbm_bd.v:268]
WARNING: [Synth 8-7071] port 'apb_complete_0' of module 'qdma_hbm_bd_hbm_0_0' is unconnected for instance 'hbm_0' [/home/khanna/CMAC-HBM/PCIe-HBM_basic-prj/vivado_gen/pcie-hbm_sim/pcie-hbm_sim.gen/sources_1/bd/qdma_hbm_bd/synth/qdma_hbm_bd.v:268]
WARNING: [Synth 8-7071] port 'apb_complete_1' of module 'qdma_hbm_bd_hbm_0_0' is unconnected for instance 'hbm_0' [/home/khanna/CMAC-HBM/PCIe-HBM_basic-prj/vivado_gen/pcie-hbm_sim/pcie-hbm_sim.gen/sources_1/bd/qdma_hbm_bd/synth/qdma_hbm_bd.v:268]
WARNING: [Synth 8-7071] port 'DRAM_0_STAT_CATTRIP' of module 'qdma_hbm_bd_hbm_0_0' is unconnected for instance 'hbm_0' [/home/khanna/CMAC-HBM/PCIe-HBM_basic-prj/vivado_gen/pcie-hbm_sim/pcie-hbm_sim.gen/sources_1/bd/qdma_hbm_bd/synth/qdma_hbm_bd.v:268]
WARNING: [Synth 8-7071] port 'DRAM_0_STAT_TEMP' of module 'qdma_hbm_bd_hbm_0_0' is unconnected for instance 'hbm_0' [/home/khanna/CMAC-HBM/PCIe-HBM_basic-prj/vivado_gen/pcie-hbm_sim/pcie-hbm_sim.gen/sources_1/bd/qdma_hbm_bd/synth/qdma_hbm_bd.v:268]
WARNING: [Synth 8-7071] port 'DRAM_1_STAT_CATTRIP' of module 'qdma_hbm_bd_hbm_0_0' is unconnected for instance 'hbm_0' [/home/khanna/CMAC-HBM/PCIe-HBM_basic-prj/vivado_gen/pcie-hbm_sim/pcie-hbm_sim.gen/sources_1/bd/qdma_hbm_bd/synth/qdma_hbm_bd.v:268]
WARNING: [Synth 8-7071] port 'DRAM_1_STAT_TEMP' of module 'qdma_hbm_bd_hbm_0_0' is unconnected for instance 'hbm_0' [/home/khanna/CMAC-HBM/PCIe-HBM_basic-prj/vivado_gen/pcie-hbm_sim/pcie-hbm_sim.gen/sources_1/bd/qdma_hbm_bd/synth/qdma_hbm_bd.v:268]
WARNING: [Synth 8-7023] instance 'hbm_0' of module 'qdma_hbm_bd_hbm_0_0' has 78 connections declared, but only 66 given [/home/khanna/CMAC-HBM/PCIe-HBM_basic-prj/vivado_gen/pcie-hbm_sim/pcie-hbm_sim.gen/sources_1/bd/qdma_hbm_bd/synth/qdma_hbm_bd.v:268]
INFO: [Synth 8-6157] synthesizing module 'qdma_hbm_bd_proc_sys_reset_0_0' [/home/khanna/CMAC-HBM/PCIe-HBM_basic-prj/vivado_gen/pcie-hbm_sim/pcie-hbm_sim.runs/synth_1/.Xil/Vivado-1610712-ogreOptiPlex/realtime/qdma_hbm_bd_proc_sys_reset_0_0_stub.v:6]
INFO: [Synth 8-6155] done synthesizing module 'qdma_hbm_bd_proc_sys_reset_0_0' (0#1) [/home/khanna/CMAC-HBM/PCIe-HBM_basic-prj/vivado_gen/pcie-hbm_sim/pcie-hbm_sim.runs/synth_1/.Xil/Vivado-1610712-ogreOptiPlex/realtime/qdma_hbm_bd_proc_sys_reset_0_0_stub.v:6]
WARNING: [Synth 8-7071] port 'mb_reset' of module 'qdma_hbm_bd_proc_sys_reset_0_0' is unconnected for instance 'proc_sys_reset_0' [/home/khanna/CMAC-HBM/PCIe-HBM_basic-prj/vivado_gen/pcie-hbm_sim/pcie-hbm_sim.gen/sources_1/bd/qdma_hbm_bd/synth/qdma_hbm_bd.v:335]
WARNING: [Synth 8-7071] port 'bus_struct_reset' of module 'qdma_hbm_bd_proc_sys_reset_0_0' is unconnected for instance 'proc_sys_reset_0' [/home/khanna/CMAC-HBM/PCIe-HBM_basic-prj/vivado_gen/pcie-hbm_sim/pcie-hbm_sim.gen/sources_1/bd/qdma_hbm_bd/synth/qdma_hbm_bd.v:335]
WARNING: [Synth 8-7071] port 'peripheral_reset' of module 'qdma_hbm_bd_proc_sys_reset_0_0' is unconnected for instance 'proc_sys_reset_0' [/home/khanna/CMAC-HBM/PCIe-HBM_basic-prj/vivado_gen/pcie-hbm_sim/pcie-hbm_sim.gen/sources_1/bd/qdma_hbm_bd/synth/qdma_hbm_bd.v:335]
WARNING: [Synth 8-7071] port 'interconnect_aresetn' of module 'qdma_hbm_bd_proc_sys_reset_0_0' is unconnected for instance 'proc_sys_reset_0' [/home/khanna/CMAC-HBM/PCIe-HBM_basic-prj/vivado_gen/pcie-hbm_sim/pcie-hbm_sim.gen/sources_1/bd/qdma_hbm_bd/synth/qdma_hbm_bd.v:335]
WARNING: [Synth 8-7023] instance 'proc_sys_reset_0' of module 'qdma_hbm_bd_proc_sys_reset_0_0' has 10 connections declared, but only 6 given [/home/khanna/CMAC-HBM/PCIe-HBM_basic-prj/vivado_gen/pcie-hbm_sim/pcie-hbm_sim.gen/sources_1/bd/qdma_hbm_bd/synth/qdma_hbm_bd.v:335]
INFO: [Synth 8-6157] synthesizing module 'qdma_hbm_bd_qdma_0_0' [/home/khanna/CMAC-HBM/PCIe-HBM_basic-prj/vivado_gen/pcie-hbm_sim/pcie-hbm_sim.runs/synth_1/.Xil/Vivado-1610712-ogreOptiPlex/realtime/qdma_hbm_bd_qdma_0_0_stub.v:6]
INFO: [Synth 8-6155] done synthesizing module 'qdma_hbm_bd_qdma_0_0' (0#1) [/home/khanna/CMAC-HBM/PCIe-HBM_basic-prj/vivado_gen/pcie-hbm_sim/pcie-hbm_sim.runs/synth_1/.Xil/Vivado-1610712-ogreOptiPlex/realtime/qdma_hbm_bd_qdma_0_0_stub.v:6]
WARNING: [Synth 8-7071] port 'user_lnk_up' of module 'qdma_hbm_bd_qdma_0_0' is unconnected for instance 'qdma_0' [/home/khanna/CMAC-HBM/PCIe-HBM_basic-prj/vivado_gen/pcie-hbm_sim/pcie-hbm_sim.gen/sources_1/bd/qdma_hbm_bd/synth/qdma_hbm_bd.v:342]
WARNING: [Synth 8-7071] port 'usr_irq_out_ack' of module 'qdma_hbm_bd_qdma_0_0' is unconnected for instance 'qdma_0' [/home/khanna/CMAC-HBM/PCIe-HBM_basic-prj/vivado_gen/pcie-hbm_sim/pcie-hbm_sim.gen/sources_1/bd/qdma_hbm_bd/synth/qdma_hbm_bd.v:342]
WARNING: [Synth 8-7071] port 'usr_irq_out_fail' of module 'qdma_hbm_bd_qdma_0_0' is unconnected for instance 'qdma_0' [/home/khanna/CMAC-HBM/PCIe-HBM_basic-prj/vivado_gen/pcie-hbm_sim/pcie-hbm_sim.gen/sources_1/bd/qdma_hbm_bd/synth/qdma_hbm_bd.v:342]
WARNING: [Synth 8-7071] port 'tm_dsc_sts_vld' of module 'qdma_hbm_bd_qdma_0_0' is unconnected for instance 'qdma_0' [/home/khanna/CMAC-HBM/PCIe-HBM_basic-prj/vivado_gen/pcie-hbm_sim/pcie-hbm_sim.gen/sources_1/bd/qdma_hbm_bd/synth/qdma_hbm_bd.v:342]
WARNING: [Synth 8-7071] port 'tm_dsc_sts_port_id' of module 'qdma_hbm_bd_qdma_0_0' is unconnected for instance 'qdma_0' [/home/khanna/CMAC-HBM/PCIe-HBM_basic-prj/vivado_gen/pcie-hbm_sim/pcie-hbm_sim.gen/sources_1/bd/qdma_hbm_bd/synth/qdma_hbm_bd.v:342]
WARNING: [Synth 8-7071] port 'tm_dsc_sts_qen' of module 'qdma_hbm_bd_qdma_0_0' is unconnected for instance 'qdma_0' [/home/khanna/CMAC-HBM/PCIe-HBM_basic-prj/vivado_gen/pcie-hbm_sim/pcie-hbm_sim.gen/sources_1/bd/qdma_hbm_bd/synth/qdma_hbm_bd.v:342]
WARNING: [Synth 8-7071] port 'tm_dsc_sts_byp' of module 'qdma_hbm_bd_qdma_0_0' is unconnected for instance 'qdma_0' [/home/khanna/CMAC-HBM/PCIe-HBM_basic-prj/vivado_gen/pcie-hbm_sim/pcie-hbm_sim.gen/sources_1/bd/qdma_hbm_bd/synth/qdma_hbm_bd.v:342]
WARNING: [Synth 8-7071] port 'tm_dsc_sts_dir' of module 'qdma_hbm_bd_qdma_0_0' is unconnected for instance 'qdma_0' [/home/khanna/CMAC-HBM/PCIe-HBM_basic-prj/vivado_gen/pcie-hbm_sim/pcie-hbm_sim.gen/sources_1/bd/qdma_hbm_bd/synth/qdma_hbm_bd.v:342]
WARNING: [Synth 8-7071] port 'tm_dsc_sts_mm' of module 'qdma_hbm_bd_qdma_0_0' is unconnected for instance 'qdma_0' [/home/khanna/CMAC-HBM/PCIe-HBM_basic-prj/vivado_gen/pcie-hbm_sim/pcie-hbm_sim.gen/sources_1/bd/qdma_hbm_bd/synth/qdma_hbm_bd.v:342]
WARNING: [Synth 8-7071] port 'tm_dsc_sts_error' of module 'qdma_hbm_bd_qdma_0_0' is unconnected for instance 'qdma_0' [/home/khanna/CMAC-HBM/PCIe-HBM_basic-prj/vivado_gen/pcie-hbm_sim/pcie-hbm_sim.gen/sources_1/bd/qdma_hbm_bd/synth/qdma_hbm_bd.v:342]
WARNING: [Synth 8-7071] port 'tm_dsc_sts_qid' of module 'qdma_hbm_bd_qdma_0_0' is unconnected for instance 'qdma_0' [/home/khanna/CMAC-HBM/PCIe-HBM_basic-prj/vivado_gen/pcie-hbm_sim/pcie-hbm_sim.gen/sources_1/bd/qdma_hbm_bd/synth/qdma_hbm_bd.v:342]
WARNING: [Synth 8-7071] port 'tm_dsc_sts_avl' of module 'qdma_hbm_bd_qdma_0_0' is unconnected for instance 'qdma_0' [/home/khanna/CMAC-HBM/PCIe-HBM_basic-prj/vivado_gen/pcie-hbm_sim/pcie-hbm_sim.gen/sources_1/bd/qdma_hbm_bd/synth/qdma_hbm_bd.v:342]
WARNING: [Synth 8-7071] port 'tm_dsc_sts_qinv' of module 'qdma_hbm_bd_qdma_0_0' is unconnected for instance 'qdma_0' [/home/khanna/CMAC-HBM/PCIe-HBM_basic-prj/vivado_gen/pcie-hbm_sim/pcie-hbm_sim.gen/sources_1/bd/qdma_hbm_bd/synth/qdma_hbm_bd.v:342]
WARNING: [Synth 8-7071] port 'tm_dsc_sts_irq_arm' of module 'qdma_hbm_bd_qdma_0_0' is unconnected for instance 'qdma_0' [/home/khanna/CMAC-HBM/PCIe-HBM_basic-prj/vivado_gen/pcie-hbm_sim/pcie-hbm_sim.gen/sources_1/bd/qdma_hbm_bd/synth/qdma_hbm_bd.v:342]
WARNING: [Synth 8-7071] port 'tm_dsc_sts_pidx' of module 'qdma_hbm_bd_qdma_0_0' is unconnected for instance 'qdma_0' [/home/khanna/CMAC-HBM/PCIe-HBM_basic-prj/vivado_gen/pcie-hbm_sim/pcie-hbm_sim.gen/sources_1/bd/qdma_hbm_bd/synth/qdma_hbm_bd.v:342]
WARNING: [Synth 8-7071] port 'dsc_crdt_in_rdy' of module 'qdma_hbm_bd_qdma_0_0' is unconnected for instance 'qdma_0' [/home/khanna/CMAC-HBM/PCIe-HBM_basic-prj/vivado_gen/pcie-hbm_sim/pcie-hbm_sim.gen/sources_1/bd/qdma_hbm_bd/synth/qdma_hbm_bd.v:342]
WARNING: [Synth 8-7071] port 'm_axil_awuser' of module 'qdma_hbm_bd_qdma_0_0' is unconnected for instance 'qdma_0' [/home/khanna/CMAC-HBM/PCIe-HBM_basic-prj/vivado_gen/pcie-hbm_sim/pcie-hbm_sim.gen/sources_1/bd/qdma_hbm_bd/synth/qdma_hbm_bd.v:342]
WARNING: [Synth 8-7071] port 'm_axil_aruser' of module 'qdma_hbm_bd_qdma_0_0' is unconnected for instance 'qdma_0' [/home/khanna/CMAC-HBM/PCIe-HBM_basic-prj/vivado_gen/pcie-hbm_sim/pcie-hbm_sim.gen/sources_1/bd/qdma_hbm_bd/synth/qdma_hbm_bd.v:342]
WARNING: [Synth 8-7071] port 'phy_ready' of module 'qdma_hbm_bd_qdma_0_0' is unconnected for instance 'qdma_0' [/home/khanna/CMAC-HBM/PCIe-HBM_basic-prj/vivado_gen/pcie-hbm_sim/pcie-hbm_sim.gen/sources_1/bd/qdma_hbm_bd/synth/qdma_hbm_bd.v:342]
WARNING: [Synth 8-7071] port 'qsts_out_op' of module 'qdma_hbm_bd_qdma_0_0' is unconnected for instance 'qdma_0' [/home/khanna/CMAC-HBM/PCIe-HBM_basic-prj/vivado_gen/pcie-hbm_sim/pcie-hbm_sim.gen/sources_1/bd/qdma_hbm_bd/synth/qdma_hbm_bd.v:342]
WARNING: [Synth 8-7071] port 'qsts_out_data' of module 'qdma_hbm_bd_qdma_0_0' is unconnected for instance 'qdma_0' [/home/khanna/CMAC-HBM/PCIe-HBM_basic-prj/vivado_gen/pcie-hbm_sim/pcie-hbm_sim.gen/sources_1/bd/qdma_hbm_bd/synth/qdma_hbm_bd.v:342]
WARNING: [Synth 8-7071] port 'qsts_out_port_id' of module 'qdma_hbm_bd_qdma_0_0' is unconnected for instance 'qdma_0' [/home/khanna/CMAC-HBM/PCIe-HBM_basic-prj/vivado_gen/pcie-hbm_sim/pcie-hbm_sim.gen/sources_1/bd/qdma_hbm_bd/synth/qdma_hbm_bd.v:342]
WARNING: [Synth 8-7071] port 'qsts_out_qid' of module 'qdma_hbm_bd_qdma_0_0' is unconnected for instance 'qdma_0' [/home/khanna/CMAC-HBM/PCIe-HBM_basic-prj/vivado_gen/pcie-hbm_sim/pcie-hbm_sim.gen/sources_1/bd/qdma_hbm_bd/synth/qdma_hbm_bd.v:342]
WARNING: [Synth 8-7071] port 'qsts_out_vld' of module 'qdma_hbm_bd_qdma_0_0' is unconnected for instance 'qdma_0' [/home/khanna/CMAC-HBM/PCIe-HBM_basic-prj/vivado_gen/pcie-hbm_sim/pcie-hbm_sim.gen/sources_1/bd/qdma_hbm_bd/synth/qdma_hbm_bd.v:342]
WARNING: [Synth 8-7023] instance 'qdma_0' of module 'qdma_hbm_bd_qdma_0_0' has 101 connections declared, but only 77 given [/home/khanna/CMAC-HBM/PCIe-HBM_basic-prj/vivado_gen/pcie-hbm_sim/pcie-hbm_sim.gen/sources_1/bd/qdma_hbm_bd/synth/qdma_hbm_bd.v:342]
INFO: [Synth 8-6157] synthesizing module 'qdma_hbm_bd_smartconnect_0_0' [/home/khanna/CMAC-HBM/PCIe-HBM_basic-prj/vivado_gen/pcie-hbm_sim/pcie-hbm_sim.runs/synth_1/.Xil/Vivado-1610712-ogreOptiPlex/realtime/qdma_hbm_bd_smartconnect_0_0_stub.v:6]
INFO: [Synth 8-6155] done synthesizing module 'qdma_hbm_bd_smartconnect_0_0' (0#1) [/home/khanna/CMAC-HBM/PCIe-HBM_basic-prj/vivado_gen/pcie-hbm_sim/pcie-hbm_sim.runs/synth_1/.Xil/Vivado-1610712-ogreOptiPlex/realtime/qdma_hbm_bd_smartconnect_0_0_stub.v:6]
WARNING: [Synth 8-7071] port 'M00_AXI_awlock' of module 'qdma_hbm_bd_smartconnect_0_0' is unconnected for instance 'smartconnect_0' [/home/khanna/CMAC-HBM/PCIe-HBM_basic-prj/vivado_gen/pcie-hbm_sim/pcie-hbm_sim.gen/sources_1/bd/qdma_hbm_bd/synth/qdma_hbm_bd.v:420]
WARNING: [Synth 8-7071] port 'M00_AXI_awcache' of module 'qdma_hbm_bd_smartconnect_0_0' is unconnected for instance 'smartconnect_0' [/home/khanna/CMAC-HBM/PCIe-HBM_basic-prj/vivado_gen/pcie-hbm_sim/pcie-hbm_sim.gen/sources_1/bd/qdma_hbm_bd/synth/qdma_hbm_bd.v:420]
WARNING: [Synth 8-7071] port 'M00_AXI_awprot' of module 'qdma_hbm_bd_smartconnect_0_0' is unconnected for instance 'smartconnect_0' [/home/khanna/CMAC-HBM/PCIe-HBM_basic-prj/vivado_gen/pcie-hbm_sim/pcie-hbm_sim.gen/sources_1/bd/qdma_hbm_bd/synth/qdma_hbm_bd.v:420]
WARNING: [Synth 8-7071] port 'M00_AXI_awqos' of module 'qdma_hbm_bd_smartconnect_0_0' is unconnected for instance 'smartconnect_0' [/home/khanna/CMAC-HBM/PCIe-HBM_basic-prj/vivado_gen/pcie-hbm_sim/pcie-hbm_sim.gen/sources_1/bd/qdma_hbm_bd/synth/qdma_hbm_bd.v:420]
WARNING: [Synth 8-7071] port 'M00_AXI_awuser' of module 'qdma_hbm_bd_smartconnect_0_0' is unconnected for instance 'smartconnect_0' [/home/khanna/CMAC-HBM/PCIe-HBM_basic-prj/vivado_gen/pcie-hbm_sim/pcie-hbm_sim.gen/sources_1/bd/qdma_hbm_bd/synth/qdma_hbm_bd.v:420]
WARNING: [Synth 8-7071] port 'M00_AXI_arlock' of module 'qdma_hbm_bd_smartconnect_0_0' is unconnected for instance 'smartconnect_0' [/home/khanna/CMAC-HBM/PCIe-HBM_basic-prj/vivado_gen/pcie-hbm_sim/pcie-hbm_sim.gen/sources_1/bd/qdma_hbm_bd/synth/qdma_hbm_bd.v:420]
WARNING: [Synth 8-7071] port 'M00_AXI_arcache' of module 'qdma_hbm_bd_smartconnect_0_0' is unconnected for instance 'smartconnect_0' [/home/khanna/CMAC-HBM/PCIe-HBM_basic-prj/vivado_gen/pcie-hbm_sim/pcie-hbm_sim.gen/sources_1/bd/qdma_hbm_bd/synth/qdma_hbm_bd.v:420]
WARNING: [Synth 8-7071] port 'M00_AXI_arprot' of module 'qdma_hbm_bd_smartconnect_0_0' is unconnected for instance 'smartconnect_0' [/home/khanna/CMAC-HBM/PCIe-HBM_basic-prj/vivado_gen/pcie-hbm_sim/pcie-hbm_sim.gen/sources_1/bd/qdma_hbm_bd/synth/qdma_hbm_bd.v:420]
WARNING: [Synth 8-7071] port 'M00_AXI_arqos' of module 'qdma_hbm_bd_smartconnect_0_0' is unconnected for instance 'smartconnect_0' [/home/khanna/CMAC-HBM/PCIe-HBM_basic-prj/vivado_gen/pcie-hbm_sim/pcie-hbm_sim.gen/sources_1/bd/qdma_hbm_bd/synth/qdma_hbm_bd.v:420]
WARNING: [Synth 8-7071] port 'M00_AXI_aruser' of module 'qdma_hbm_bd_smartconnect_0_0' is unconnected for instance 'smartconnect_0' [/home/khanna/CMAC-HBM/PCIe-HBM_basic-prj/vivado_gen/pcie-hbm_sim/pcie-hbm_sim.gen/sources_1/bd/qdma_hbm_bd/synth/qdma_hbm_bd.v:420]
WARNING: [Synth 8-7071] port 'M01_AXI_awlock' of module 'qdma_hbm_bd_smartconnect_0_0' is unconnected for instance 'smartconnect_0' [/home/khanna/CMAC-HBM/PCIe-HBM_basic-prj/vivado_gen/pcie-hbm_sim/pcie-hbm_sim.gen/sources_1/bd/qdma_hbm_bd/synth/qdma_hbm_bd.v:420]
WARNING: [Synth 8-7071] port 'M01_AXI_awcache' of module 'qdma_hbm_bd_smartconnect_0_0' is unconnected for instance 'smartconnect_0' [/home/khanna/CMAC-HBM/PCIe-HBM_basic-prj/vivado_gen/pcie-hbm_sim/pcie-hbm_sim.gen/sources_1/bd/qdma_hbm_bd/synth/qdma_hbm_bd.v:420]
WARNING: [Synth 8-7071] port 'M01_AXI_awprot' of module 'qdma_hbm_bd_smartconnect_0_0' is unconnected for instance 'smartconnect_0' [/home/khanna/CMAC-HBM/PCIe-HBM_basic-prj/vivado_gen/pcie-hbm_sim/pcie-hbm_sim.gen/sources_1/bd/qdma_hbm_bd/synth/qdma_hbm_bd.v:420]
WARNING: [Synth 8-7071] port 'M01_AXI_awqos' of module 'qdma_hbm_bd_smartconnect_0_0' is unconnected for instance 'smartconnect_0' [/home/khanna/CMAC-HBM/PCIe-HBM_basic-prj/vivado_gen/pcie-hbm_sim/pcie-hbm_sim.gen/sources_1/bd/qdma_hbm_bd/synth/qdma_hbm_bd.v:420]
WARNING: [Synth 8-7071] port 'M01_AXI_awuser' of module 'qdma_hbm_bd_smartconnect_0_0' is unconnected for instance 'smartconnect_0' [/home/khanna/CMAC-HBM/PCIe-HBM_basic-prj/vivado_gen/pcie-hbm_sim/pcie-hbm_sim.gen/sources_1/bd/qdma_hbm_bd/synth/qdma_hbm_bd.v:420]
WARNING: [Synth 8-7071] port 'M01_AXI_arlock' of module 'qdma_hbm_bd_smartconnect_0_0' is unconnected for instance 'smartconnect_0' [/home/khanna/CMAC-HBM/PCIe-HBM_basic-prj/vivado_gen/pcie-hbm_sim/pcie-hbm_sim.gen/sources_1/bd/qdma_hbm_bd/synth/qdma_hbm_bd.v:420]
WARNING: [Synth 8-7071] port 'M01_AXI_arcache' of module 'qdma_hbm_bd_smartconnect_0_0' is unconnected for instance 'smartconnect_0' [/home/khanna/CMAC-HBM/PCIe-HBM_basic-prj/vivado_gen/pcie-hbm_sim/pcie-hbm_sim.gen/sources_1/bd/qdma_hbm_bd/synth/qdma_hbm_bd.v:420]
WARNING: [Synth 8-7071] port 'M01_AXI_arprot' of module 'qdma_hbm_bd_smartconnect_0_0' is unconnected for instance 'smartconnect_0' [/home/khanna/CMAC-HBM/PCIe-HBM_basic-prj/vivado_gen/pcie-hbm_sim/pcie-hbm_sim.gen/sources_1/bd/qdma_hbm_bd/synth/qdma_hbm_bd.v:420]
WARNING: [Synth 8-7071] port 'M01_AXI_arqos' of module 'qdma_hbm_bd_smartconnect_0_0' is unconnected for instance 'smartconnect_0' [/home/khanna/CMAC-HBM/PCIe-HBM_basic-prj/vivado_gen/pcie-hbm_sim/pcie-hbm_sim.gen/sources_1/bd/qdma_hbm_bd/synth/qdma_hbm_bd.v:420]
WARNING: [Synth 8-7071] port 'M01_AXI_aruser' of module 'qdma_hbm_bd_smartconnect_0_0' is unconnected for instance 'smartconnect_0' [/home/khanna/CMAC-HBM/PCIe-HBM_basic-prj/vivado_gen/pcie-hbm_sim/pcie-hbm_sim.gen/sources_1/bd/qdma_hbm_bd/synth/qdma_hbm_bd.v:420]
WARNING: [Synth 8-7023] instance 'smartconnect_0' of module 'qdma_hbm_bd_smartconnect_0_0' has 112 connections declared, but only 92 given [/home/khanna/CMAC-HBM/PCIe-HBM_basic-prj/vivado_gen/pcie-hbm_sim/pcie-hbm_sim.gen/sources_1/bd/qdma_hbm_bd/synth/qdma_hbm_bd.v:420]
INFO: [Synth 8-6157] synthesizing module 'qdma_hbm_bd_xlconstant_1_0' [/home/khanna/CMAC-HBM/PCIe-HBM_basic-prj/vivado_gen/pcie-hbm_sim/pcie-hbm_sim.gen/sources_1/bd/qdma_hbm_bd/ip/qdma_hbm_bd_xlconstant_1_0/synth/qdma_hbm_bd_xlconstant_1_0.v:53]
INFO: [Synth 8-6157] synthesizing module 'xlconstant_v1_1_9_xlconstant' [/home/khanna/CMAC-HBM/PCIe-HBM_basic-prj/vivado_gen/pcie-hbm_sim/pcie-hbm_sim.gen/sources_1/bd/qdma_hbm_bd/ipshared/e2d2/hdl/xlconstant_v1_1_vl_rfs.v:68]
INFO: [Synth 8-6155] done synthesizing module 'xlconstant_v1_1_9_xlconstant' (0#1) [/home/khanna/CMAC-HBM/PCIe-HBM_basic-prj/vivado_gen/pcie-hbm_sim/pcie-hbm_sim.gen/sources_1/bd/qdma_hbm_bd/ipshared/e2d2/hdl/xlconstant_v1_1_vl_rfs.v:68]
INFO: [Synth 8-6155] done synthesizing module 'qdma_hbm_bd_xlconstant_1_0' (0#1) [/home/khanna/CMAC-HBM/PCIe-HBM_basic-prj/vivado_gen/pcie-hbm_sim/pcie-hbm_sim.gen/sources_1/bd/qdma_hbm_bd/ip/qdma_hbm_bd_xlconstant_1_0/synth/qdma_hbm_bd_xlconstant_1_0.v:53]
INFO: [Synth 8-6155] done synthesizing module 'qdma_hbm_bd' (0#1) [/home/khanna/CMAC-HBM/PCIe-HBM_basic-prj/vivado_gen/pcie-hbm_sim/pcie-hbm_sim.gen/sources_1/bd/qdma_hbm_bd/synth/qdma_hbm_bd.v:13]
INFO: [Synth 8-6155] done synthesizing module 'top' (0#1) [/home/khanna/CMAC-HBM/PCIe-HBM_basic-prj/src/qdma_top.sv:3]
---------------------------------------------------------------------------------
Finished RTL Elaboration : Time (s): cpu = 00:00:04 ; elapsed = 00:00:05 . Memory (MB): peak = 3311.848 ; gain = 346.695 ; free physical = 23971 ; free virtual = 50985
---------------------------------------------------------------------------------
---------------------------------------------------------------------------------
Start Handling Custom Attributes
---------------------------------------------------------------------------------
---------------------------------------------------------------------------------
Finished Handling Custom Attributes : Time (s): cpu = 00:00:04 ; elapsed = 00:00:05 . Memory (MB): peak = 3320.754 ; gain = 355.602 ; free physical = 23971 ; free virtual = 50985
---------------------------------------------------------------------------------
---------------------------------------------------------------------------------
Finished RTL Optimization Phase 1 : Time (s): cpu = 00:00:04 ; elapsed = 00:00:05 . Memory (MB): peak = 3320.754 ; gain = 355.602 ; free physical = 23971 ; free virtual = 50985
---------------------------------------------------------------------------------
Netlist sorting complete. Time (s): cpu = 00:00:00.01 ; elapsed = 00:00:00 . Memory (MB): peak = 3331.723 ; gain = 0.000 ; free physical = 23963 ; free virtual = 50977
INFO: [Netlist 29-17] Analyzing 1 Unisim elements for replacement
INFO: [Netlist 29-28] Unisim Transformation completed in 0 CPU seconds
INFO: [Project 1-570] Preparing netlist for logic optimization

Processing XDC Constraints
Initializing timing engine
Parsing XDC File [/home/khanna/CMAC-HBM/PCIe-HBM_basic-prj/vivado_gen/pcie-hbm_sim/pcie-hbm_sim.gen/sources_1/bd/qdma_hbm_bd/ip/qdma_hbm_bd_hbm_0_0/qdma_hbm_bd_hbm_0_0/qdma_hbm_bd_hbm_0_0_in_context.xdc] for cell 'i_hbm_interface/hbm_0'
Finished Parsing XDC File [/home/khanna/CMAC-HBM/PCIe-HBM_basic-prj/vivado_gen/pcie-hbm_sim/pcie-hbm_sim.gen/sources_1/bd/qdma_hbm_bd/ip/qdma_hbm_bd_hbm_0_0/qdma_hbm_bd_hbm_0_0/qdma_hbm_bd_hbm_0_0_in_context.xdc] for cell 'i_hbm_interface/hbm_0'
Parsing XDC File [/home/khanna/CMAC-HBM/PCIe-HBM_basic-prj/vivado_gen/pcie-hbm_sim/pcie-hbm_sim.gen/sources_1/bd/qdma_hbm_bd/ip/qdma_hbm_bd_smartconnect_0_0/qdma_hbm_bd_smartconnect_0_0/qdma_hbm_bd_smartconnect_0_0_in_context.xdc] for cell 'i_hbm_interface/smartconnect_0'
Finished Parsing XDC File [/home/khanna/CMAC-HBM/PCIe-HBM_basic-prj/vivado_gen/pcie-hbm_sim/pcie-hbm_sim.gen/sources_1/bd/qdma_hbm_bd/ip/qdma_hbm_bd_smartconnect_0_0/qdma_hbm_bd_smartconnect_0_0/qdma_hbm_bd_smartconnect_0_0_in_context.xdc] for cell 'i_hbm_interface/smartconnect_0'
Parsing XDC File [/home/khanna/CMAC-HBM/PCIe-HBM_basic-prj/vivado_gen/pcie-hbm_sim/pcie-hbm_sim.gen/sources_1/bd/qdma_hbm_bd/ip/qdma_hbm_bd_clk_wiz_0_0/qdma_hbm_bd_clk_wiz_0_0/qdma_hbm_bd_clk_wiz_0_0_in_context.xdc] for cell 'i_hbm_interface/clk_wiz_0'
Finished Parsing XDC File [/home/khanna/CMAC-HBM/PCIe-HBM_basic-prj/vivado_gen/pcie-hbm_sim/pcie-hbm_sim.gen/sources_1/bd/qdma_hbm_bd/ip/qdma_hbm_bd_clk_wiz_0_0/qdma_hbm_bd_clk_wiz_0_0/qdma_hbm_bd_clk_wiz_0_0_in_context.xdc] for cell 'i_hbm_interface/clk_wiz_0'
Parsing XDC File [/home/khanna/CMAC-HBM/PCIe-HBM_basic-prj/vivado_gen/pcie-hbm_sim/pcie-hbm_sim.gen/sources_1/bd/qdma_hbm_bd/ip/qdma_hbm_bd_proc_sys_reset_0_0/qdma_hbm_bd_proc_sys_reset_0_0/qdma_hbm_bd_proc_sys_reset_0_0_in_context.xdc] for cell 'i_hbm_interface/proc_sys_reset_0'
Finished Parsing XDC File [/home/khanna/CMAC-HBM/PCIe-HBM_basic-prj/vivado_gen/pcie-hbm_sim/pcie-hbm_sim.gen/sources_1/bd/qdma_hbm_bd/ip/qdma_hbm_bd_proc_sys_reset_0_0/qdma_hbm_bd_proc_sys_reset_0_0/qdma_hbm_bd_proc_sys_reset_0_0_in_context.xdc] for cell 'i_hbm_interface/proc_sys_reset_0'
Parsing XDC File [/home/khanna/CMAC-HBM/PCIe-HBM_basic-prj/vivado_gen/pcie-hbm_sim/pcie-hbm_sim.gen/sources_1/bd/qdma_hbm_bd/ip/qdma_hbm_bd_qdma_0_0/qdma_hbm_bd_qdma_0_0/qdma_hbm_bd_qdma_0_0_in_context.xdc] for cell 'i_hbm_interface/qdma_0'
Finished Parsing XDC File [/home/khanna/CMAC-HBM/PCIe-HBM_basic-prj/vivado_gen/pcie-hbm_sim/pcie-hbm_sim.gen/sources_1/bd/qdma_hbm_bd/ip/qdma_hbm_bd_qdma_0_0/qdma_hbm_bd_qdma_0_0/qdma_hbm_bd_qdma_0_0_in_context.xdc] for cell 'i_hbm_interface/qdma_0'
Parsing XDC File [/home/khanna/CMAC-HBM/PCIe-HBM_basic-prj/vivado_gen/pcie-hbm_sim/pcie-hbm_sim.gen/sources_1/bd/qdma_hbm_bd/ip/qdma_hbm_bd_blk_mem_gen_0_0/qdma_hbm_bd_blk_mem_gen_0_0/qdma_hbm_bd_blk_mem_gen_0_0_in_context.xdc] for cell 'i_hbm_interface/blk_mem_gen_0'
Finished Parsing XDC File [/home/khanna/CMAC-HBM/PCIe-HBM_basic-prj/vivado_gen/pcie-hbm_sim/pcie-hbm_sim.gen/sources_1/bd/qdma_hbm_bd/ip/qdma_hbm_bd_blk_mem_gen_0_0/qdma_hbm_bd_blk_mem_gen_0_0/qdma_hbm_bd_blk_mem_gen_0_0_in_context.xdc] for cell 'i_hbm_interface/blk_mem_gen_0'
Parsing XDC File [/home/khanna/CMAC-HBM/PCIe-HBM_basic-prj/vivado_gen/pcie-hbm_sim/pcie-hbm_sim.gen/sources_1/bd/qdma_hbm_bd/ip/qdma_hbm_bd_axi_bram_ctrl_0_0/qdma_hbm_bd_axi_bram_ctrl_0_0/qdma_hbm_bd_axi_bram_ctrl_0_0_in_context.xdc] for cell 'i_hbm_interface/axi_bram_ctrl_0'
Finished Parsing XDC File [/home/khanna/CMAC-HBM/PCIe-HBM_basic-prj/vivado_gen/pcie-hbm_sim/pcie-hbm_sim.gen/sources_1/bd/qdma_hbm_bd/ip/qdma_hbm_bd_axi_bram_ctrl_0_0/qdma_hbm_bd_axi_bram_ctrl_0_0/qdma_hbm_bd_axi_bram_ctrl_0_0_in_context.xdc] for cell 'i_hbm_interface/axi_bram_ctrl_0'
Parsing XDC File [/home/khanna/CMAC-HBM/PCIe-HBM_basic-prj/vivado_gen/pcie-hbm_sim/pcie-hbm_sim.runs/synth_1/dont_touch.xdc]
Finished Parsing XDC File [/home/khanna/CMAC-HBM/PCIe-HBM_basic-prj/vivado_gen/pcie-hbm_sim/pcie-hbm_sim.runs/synth_1/dont_touch.xdc]
Completed Processing XDC Constraints

Netlist sorting complete. Time (s): cpu = 00:00:00 ; elapsed = 00:00:00 . Memory (MB): peak = 3385.727 ; gain = 0.000 ; free physical = 23991 ; free virtual = 51005
INFO: [Project 1-111] Unisim Transformation Summary:
  A total of 1 instances were transformed.
  IBUF => IBUF (IBUFCTRL, INBUF): 1 instance 

Constraint Validation Runtime : Time (s): cpu = 00:00:00.01 ; elapsed = 00:00:00.01 . Memory (MB): peak = 3385.727 ; gain = 0.000 ; free physical = 23991 ; free virtual = 51005
WARNING: [Timing 38-316] Clock period '20.000' specified during out-of-context synthesis of instance 'i_hbm_interface/blk_mem_gen_0' at clock pin 'clka' is different from the actual clock period '4.000', this can lead to different synthesis results.
---------------------------------------------------------------------------------
Finished Constraint Validation : Time (s): cpu = 00:00:13 ; elapsed = 00:00:14 . Memory (MB): peak = 3385.727 ; gain = 420.574 ; free physical = 24015 ; free virtual = 51029
---------------------------------------------------------------------------------
---------------------------------------------------------------------------------
Start Loading Part and Timing Information
---------------------------------------------------------------------------------
Loading part: xcu55c-fsvh2892-2L-e
INFO: [Synth 8-6742] Reading net delay rules and data
---------------------------------------------------------------------------------
Finished Loading Part and Timing Information : Time (s): cpu = 00:00:13 ; elapsed = 00:00:14 . Memory (MB): peak = 3393.730 ; gain = 428.578 ; free physical = 24015 ; free virtual = 51029
---------------------------------------------------------------------------------
---------------------------------------------------------------------------------
Start Applying 'set_property' XDC Constraints
---------------------------------------------------------------------------------
Applied set_property IO_BUFFER_TYPE = NONE for hbm_clk_n. (constraint file  /home/khanna/CMAC-HBM/PCIe-HBM_basic-prj/vivado_gen/pcie-hbm_sim/pcie-hbm_sim.gen/sources_1/bd/qdma_hbm_bd/ip/qdma_hbm_bd_clk_wiz_0_0/qdma_hbm_bd_clk_wiz_0_0/qdma_hbm_bd_clk_wiz_0_0_in_context.xdc, line 3).
Applied set_property CLOCK_BUFFER_TYPE = NONE for hbm_clk_n. (constraint file  /home/khanna/CMAC-HBM/PCIe-HBM_basic-prj/vivado_gen/pcie-hbm_sim/pcie-hbm_sim.gen/sources_1/bd/qdma_hbm_bd/ip/qdma_hbm_bd_clk_wiz_0_0/qdma_hbm_bd_clk_wiz_0_0/qdma_hbm_bd_clk_wiz_0_0_in_context.xdc, line 4).
Applied set_property IO_BUFFER_TYPE = NONE for hbm_clk_p. (constraint file  /home/khanna/CMAC-HBM/PCIe-HBM_basic-prj/vivado_gen/pcie-hbm_sim/pcie-hbm_sim.gen/sources_1/bd/qdma_hbm_bd/ip/qdma_hbm_bd_clk_wiz_0_0/qdma_hbm_bd_clk_wiz_0_0/qdma_hbm_bd_clk_wiz_0_0_in_context.xdc, line 5).
Applied set_property CLOCK_BUFFER_TYPE = NONE for hbm_clk_p. (constraint file  /home/khanna/CMAC-HBM/PCIe-HBM_basic-prj/vivado_gen/pcie-hbm_sim/pcie-hbm_sim.gen/sources_1/bd/qdma_hbm_bd/ip/qdma_hbm_bd_clk_wiz_0_0/qdma_hbm_bd_clk_wiz_0_0/qdma_hbm_bd_clk_wiz_0_0_in_context.xdc, line 6).
Applied set_property IO_BUFFER_TYPE = NONE for pci_express_x16_rxn[0]. (constraint file  /home/khanna/CMAC-HBM/PCIe-HBM_basic-prj/vivado_gen/pcie-hbm_sim/pcie-hbm_sim.gen/sources_1/bd/qdma_hbm_bd/ip/qdma_hbm_bd_qdma_0_0/qdma_hbm_bd_qdma_0_0/qdma_hbm_bd_qdma_0_0_in_context.xdc, line 2).
Applied set_property CLOCK_BUFFER_TYPE = NONE for pci_express_x16_rxn[0]. (constraint file  /home/khanna/CMAC-HBM/PCIe-HBM_basic-prj/vivado_gen/pcie-hbm_sim/pcie-hbm_sim.gen/sources_1/bd/qdma_hbm_bd/ip/qdma_hbm_bd_qdma_0_0/qdma_hbm_bd_qdma_0_0/qdma_hbm_bd_qdma_0_0_in_context.xdc, line 3).
Applied set_property IO_BUFFER_TYPE = NONE for pci_express_x16_rxn[10]. (constraint file  /home/khanna/CMAC-HBM/PCIe-HBM_basic-prj/vivado_gen/pcie-hbm_sim/pcie-hbm_sim.gen/sources_1/bd/qdma_hbm_bd/ip/qdma_hbm_bd_qdma_0_0/qdma_hbm_bd_qdma_0_0/qdma_hbm_bd_qdma_0_0_in_context.xdc, line 4).
Applied set_property CLOCK_BUFFER_TYPE = NONE for pci_express_x16_rxn[10]. (constraint file  /home/khanna/CMAC-HBM/PCIe-HBM_basic-prj/vivado_gen/pcie-hbm_sim/pcie-hbm_sim.gen/sources_1/bd/qdma_hbm_bd/ip/qdma_hbm_bd_qdma_0_0/qdma_hbm_bd_qdma_0_0/qdma_hbm_bd_qdma_0_0_in_context.xdc, line 5).
Applied set_property IO_BUFFER_TYPE = NONE for pci_express_x16_rxn[11]. (constraint file  /home/khanna/CMAC-HBM/PCIe-HBM_basic-prj/vivado_gen/pcie-hbm_sim/pcie-hbm_sim.gen/sources_1/bd/qdma_hbm_bd/ip/qdma_hbm_bd_qdma_0_0/qdma_hbm_bd_qdma_0_0/qdma_hbm_bd_qdma_0_0_in_context.xdc, line 6).
Applied set_property CLOCK_BUFFER_TYPE = NONE for pci_express_x16_rxn[11]. (constraint file  /home/khanna/CMAC-HBM/PCIe-HBM_basic-prj/vivado_gen/pcie-hbm_sim/pcie-hbm_sim.gen/sources_1/bd/qdma_hbm_bd/ip/qdma_hbm_bd_qdma_0_0/qdma_hbm_bd_qdma_0_0/qdma_hbm_bd_qdma_0_0_in_context.xdc, line 7).
Applied set_property IO_BUFFER_TYPE = NONE for pci_express_x16_rxn[12]. (constraint file  /home/khanna/CMAC-HBM/PCIe-HBM_basic-prj/vivado_gen/pcie-hbm_sim/pcie-hbm_sim.gen/sources_1/bd/qdma_hbm_bd/ip/qdma_hbm_bd_qdma_0_0/qdma_hbm_bd_qdma_0_0/qdma_hbm_bd_qdma_0_0_in_context.xdc, line 8).
Applied set_property CLOCK_BUFFER_TYPE = NONE for pci_express_x16_rxn[12]. (constraint file  /home/khanna/CMAC-HBM/PCIe-HBM_basic-prj/vivado_gen/pcie-hbm_sim/pcie-hbm_sim.gen/sources_1/bd/qdma_hbm_bd/ip/qdma_hbm_bd_qdma_0_0/qdma_hbm_bd_qdma_0_0/qdma_hbm_bd_qdma_0_0_in_context.xdc, line 9).
Applied set_property IO_BUFFER_TYPE = NONE for pci_express_x16_rxn[13]. (constraint file  /home/khanna/CMAC-HBM/PCIe-HBM_basic-prj/vivado_gen/pcie-hbm_sim/pcie-hbm_sim.gen/sources_1/bd/qdma_hbm_bd/ip/qdma_hbm_bd_qdma_0_0/qdma_hbm_bd_qdma_0_0/qdma_hbm_bd_qdma_0_0_in_context.xdc, line 10).
Applied set_property CLOCK_BUFFER_TYPE = NONE for pci_express_x16_rxn[13]. (constraint file  /home/khanna/CMAC-HBM/PCIe-HBM_basic-prj/vivado_gen/pcie-hbm_sim/pcie-hbm_sim.gen/sources_1/bd/qdma_hbm_bd/ip/qdma_hbm_bd_qdma_0_0/qdma_hbm_bd_qdma_0_0/qdma_hbm_bd_qdma_0_0_in_context.xdc, line 11).
Applied set_property IO_BUFFER_TYPE = NONE for pci_express_x16_rxn[14]. (constraint file  /home/khanna/CMAC-HBM/PCIe-HBM_basic-prj/vivado_gen/pcie-hbm_sim/pcie-hbm_sim.gen/sources_1/bd/qdma_hbm_bd/ip/qdma_hbm_bd_qdma_0_0/qdma_hbm_bd_qdma_0_0/qdma_hbm_bd_qdma_0_0_in_context.xdc, line 12).
Applied set_property CLOCK_BUFFER_TYPE = NONE for pci_express_x16_rxn[14]. (constraint file  /home/khanna/CMAC-HBM/PCIe-HBM_basic-prj/vivado_gen/pcie-hbm_sim/pcie-hbm_sim.gen/sources_1/bd/qdma_hbm_bd/ip/qdma_hbm_bd_qdma_0_0/qdma_hbm_bd_qdma_0_0/qdma_hbm_bd_qdma_0_0_in_context.xdc, line 13).
Applied set_property IO_BUFFER_TYPE = NONE for pci_express_x16_rxn[15]. (constraint file  /home/khanna/CMAC-HBM/PCIe-HBM_basic-prj/vivado_gen/pcie-hbm_sim/pcie-hbm_sim.gen/sources_1/bd/qdma_hbm_bd/ip/qdma_hbm_bd_qdma_0_0/qdma_hbm_bd_qdma_0_0/qdma_hbm_bd_qdma_0_0_in_context.xdc, line 14).
Applied set_property CLOCK_BUFFER_TYPE = NONE for pci_express_x16_rxn[15]. (constraint file  /home/khanna/CMAC-HBM/PCIe-HBM_basic-prj/vivado_gen/pcie-hbm_sim/pcie-hbm_sim.gen/sources_1/bd/qdma_hbm_bd/ip/qdma_hbm_bd_qdma_0_0/qdma_hbm_bd_qdma_0_0/qdma_hbm_bd_qdma_0_0_in_context.xdc, line 15).
Applied set_property IO_BUFFER_TYPE = NONE for pci_express_x16_rxn[1]. (constraint file  /home/khanna/CMAC-HBM/PCIe-HBM_basic-prj/vivado_gen/pcie-hbm_sim/pcie-hbm_sim.gen/sources_1/bd/qdma_hbm_bd/ip/qdma_hbm_bd_qdma_0_0/qdma_hbm_bd_qdma_0_0/qdma_hbm_bd_qdma_0_0_in_context.xdc, line 16).
Applied set_property CLOCK_BUFFER_TYPE = NONE for pci_express_x16_rxn[1]. (constraint file  /home/khanna/CMAC-HBM/PCIe-HBM_basic-prj/vivado_gen/pcie-hbm_sim/pcie-hbm_sim.gen/sources_1/bd/qdma_hbm_bd/ip/qdma_hbm_bd_qdma_0_0/qdma_hbm_bd_qdma_0_0/qdma_hbm_bd_qdma_0_0_in_context.xdc, line 17).
Applied set_property IO_BUFFER_TYPE = NONE for pci_express_x16_rxn[2]. (constraint file  /home/khanna/CMAC-HBM/PCIe-HBM_basic-prj/vivado_gen/pcie-hbm_sim/pcie-hbm_sim.gen/sources_1/bd/qdma_hbm_bd/ip/qdma_hbm_bd_qdma_0_0/qdma_hbm_bd_qdma_0_0/qdma_hbm_bd_qdma_0_0_in_context.xdc, line 18).
Applied set_property CLOCK_BUFFER_TYPE = NONE for pci_express_x16_rxn[2]. (constraint file  /home/khanna/CMAC-HBM/PCIe-HBM_basic-prj/vivado_gen/pcie-hbm_sim/pcie-hbm_sim.gen/sources_1/bd/qdma_hbm_bd/ip/qdma_hbm_bd_qdma_0_0/qdma_hbm_bd_qdma_0_0/qdma_hbm_bd_qdma_0_0_in_context.xdc, line 19).
Applied set_property IO_BUFFER_TYPE = NONE for pci_express_x16_rxn[3]. (constraint file  /home/khanna/CMAC-HBM/PCIe-HBM_basic-prj/vivado_gen/pcie-hbm_sim/pcie-hbm_sim.gen/sources_1/bd/qdma_hbm_bd/ip/qdma_hbm_bd_qdma_0_0/qdma_hbm_bd_qdma_0_0/qdma_hbm_bd_qdma_0_0_in_context.xdc, line 20).
Applied set_property CLOCK_BUFFER_TYPE = NONE for pci_express_x16_rxn[3]. (constraint file  /home/khanna/CMAC-HBM/PCIe-HBM_basic-prj/vivado_gen/pcie-hbm_sim/pcie-hbm_sim.gen/sources_1/bd/qdma_hbm_bd/ip/qdma_hbm_bd_qdma_0_0/qdma_hbm_bd_qdma_0_0/qdma_hbm_bd_qdma_0_0_in_context.xdc, line 21).
Applied set_property IO_BUFFER_TYPE = NONE for pci_express_x16_rxn[4]. (constraint file  /home/khanna/CMAC-HBM/PCIe-HBM_basic-prj/vivado_gen/pcie-hbm_sim/pcie-hbm_sim.gen/sources_1/bd/qdma_hbm_bd/ip/qdma_hbm_bd_qdma_0_0/qdma_hbm_bd_qdma_0_0/qdma_hbm_bd_qdma_0_0_in_context.xdc, line 22).
Applied set_property CLOCK_BUFFER_TYPE = NONE for pci_express_x16_rxn[4]. (constraint file  /home/khanna/CMAC-HBM/PCIe-HBM_basic-prj/vivado_gen/pcie-hbm_sim/pcie-hbm_sim.gen/sources_1/bd/qdma_hbm_bd/ip/qdma_hbm_bd_qdma_0_0/qdma_hbm_bd_qdma_0_0/qdma_hbm_bd_qdma_0_0_in_context.xdc, line 23).
Applied set_property IO_BUFFER_TYPE = NONE for pci_express_x16_rxn[5]. (constraint file  /home/khanna/CMAC-HBM/PCIe-HBM_basic-prj/vivado_gen/pcie-hbm_sim/pcie-hbm_sim.gen/sources_1/bd/qdma_hbm_bd/ip/qdma_hbm_bd_qdma_0_0/qdma_hbm_bd_qdma_0_0/qdma_hbm_bd_qdma_0_0_in_context.xdc, line 24).
Applied set_property CLOCK_BUFFER_TYPE = NONE for pci_express_x16_rxn[5]. (constraint file  /home/khanna/CMAC-HBM/PCIe-HBM_basic-prj/vivado_gen/pcie-hbm_sim/pcie-hbm_sim.gen/sources_1/bd/qdma_hbm_bd/ip/qdma_hbm_bd_qdma_0_0/qdma_hbm_bd_qdma_0_0/qdma_hbm_bd_qdma_0_0_in_context.xdc, line 25).
Applied set_property IO_BUFFER_TYPE = NONE for pci_express_x16_rxn[6]. (constraint file  /home/khanna/CMAC-HBM/PCIe-HBM_basic-prj/vivado_gen/pcie-hbm_sim/pcie-hbm_sim.gen/sources_1/bd/qdma_hbm_bd/ip/qdma_hbm_bd_qdma_0_0/qdma_hbm_bd_qdma_0_0/qdma_hbm_bd_qdma_0_0_in_context.xdc, line 26).
Applied set_property CLOCK_BUFFER_TYPE = NONE for pci_express_x16_rxn[6]. (constraint file  /home/khanna/CMAC-HBM/PCIe-HBM_basic-prj/vivado_gen/pcie-hbm_sim/pcie-hbm_sim.gen/sources_1/bd/qdma_hbm_bd/ip/qdma_hbm_bd_qdma_0_0/qdma_hbm_bd_qdma_0_0/qdma_hbm_bd_qdma_0_0_in_context.xdc, line 27).
Applied set_property IO_BUFFER_TYPE = NONE for pci_express_x16_rxn[7]. (constraint file  /home/khanna/CMAC-HBM/PCIe-HBM_basic-prj/vivado_gen/pcie-hbm_sim/pcie-hbm_sim.gen/sources_1/bd/qdma_hbm_bd/ip/qdma_hbm_bd_qdma_0_0/qdma_hbm_bd_qdma_0_0/qdma_hbm_bd_qdma_0_0_in_context.xdc, line 28).
Applied set_property CLOCK_BUFFER_TYPE = NONE for pci_express_x16_rxn[7]. (constraint file  /home/khanna/CMAC-HBM/PCIe-HBM_basic-prj/vivado_gen/pcie-hbm_sim/pcie-hbm_sim.gen/sources_1/bd/qdma_hbm_bd/ip/qdma_hbm_bd_qdma_0_0/qdma_hbm_bd_qdma_0_0/qdma_hbm_bd_qdma_0_0_in_context.xdc, line 29).
Applied set_property IO_BUFFER_TYPE = NONE for pci_express_x16_rxn[8]. (constraint file  /home/khanna/CMAC-HBM/PCIe-HBM_basic-prj/vivado_gen/pcie-hbm_sim/pcie-hbm_sim.gen/sources_1/bd/qdma_hbm_bd/ip/qdma_hbm_bd_qdma_0_0/qdma_hbm_bd_qdma_0_0/qdma_hbm_bd_qdma_0_0_in_context.xdc, line 30).
Applied set_property CLOCK_BUFFER_TYPE = NONE for pci_express_x16_rxn[8]. (constraint file  /home/khanna/CMAC-HBM/PCIe-HBM_basic-prj/vivado_gen/pcie-hbm_sim/pcie-hbm_sim.gen/sources_1/bd/qdma_hbm_bd/ip/qdma_hbm_bd_qdma_0_0/qdma_hbm_bd_qdma_0_0/qdma_hbm_bd_qdma_0_0_in_context.xdc, line 31).
Applied set_property IO_BUFFER_TYPE = NONE for pci_express_x16_rxn[9]. (constraint file  /home/khanna/CMAC-HBM/PCIe-HBM_basic-prj/vivado_gen/pcie-hbm_sim/pcie-hbm_sim.gen/sources_1/bd/qdma_hbm_bd/ip/qdma_hbm_bd_qdma_0_0/qdma_hbm_bd_qdma_0_0/qdma_hbm_bd_qdma_0_0_in_context.xdc, line 32).
Applied set_property CLOCK_BUFFER_TYPE = NONE for pci_express_x16_rxn[9]. (constraint file  /home/khanna/CMAC-HBM/PCIe-HBM_basic-prj/vivado_gen/pcie-hbm_sim/pcie-hbm_sim.gen/sources_1/bd/qdma_hbm_bd/ip/qdma_hbm_bd_qdma_0_0/qdma_hbm_bd_qdma_0_0/qdma_hbm_bd_qdma_0_0_in_context.xdc, line 33).
Applied set_property IO_BUFFER_TYPE = NONE for pci_express_x16_rxp[0]. (constraint file  /home/khanna/CMAC-HBM/PCIe-HBM_basic-prj/vivado_gen/pcie-hbm_sim/pcie-hbm_sim.gen/sources_1/bd/qdma_hbm_bd/ip/qdma_hbm_bd_qdma_0_0/qdma_hbm_bd_qdma_0_0/qdma_hbm_bd_qdma_0_0_in_context.xdc, line 34).
Applied set_property CLOCK_BUFFER_TYPE = NONE for pci_express_x16_rxp[0]. (constraint file  /home/khanna/CMAC-HBM/PCIe-HBM_basic-prj/vivado_gen/pcie-hbm_sim/pcie-hbm_sim.gen/sources_1/bd/qdma_hbm_bd/ip/qdma_hbm_bd_qdma_0_0/qdma_hbm_bd_qdma_0_0/qdma_hbm_bd_qdma_0_0_in_context.xdc, line 35).
Applied set_property IO_BUFFER_TYPE = NONE for pci_express_x16_rxp[10]. (constraint file  /home/khanna/CMAC-HBM/PCIe-HBM_basic-prj/vivado_gen/pcie-hbm_sim/pcie-hbm_sim.gen/sources_1/bd/qdma_hbm_bd/ip/qdma_hbm_bd_qdma_0_0/qdma_hbm_bd_qdma_0_0/qdma_hbm_bd_qdma_0_0_in_context.xdc, line 36).
Applied set_property CLOCK_BUFFER_TYPE = NONE for pci_express_x16_rxp[10]. (constraint file  /home/khanna/CMAC-HBM/PCIe-HBM_basic-prj/vivado_gen/pcie-hbm_sim/pcie-hbm_sim.gen/sources_1/bd/qdma_hbm_bd/ip/qdma_hbm_bd_qdma_0_0/qdma_hbm_bd_qdma_0_0/qdma_hbm_bd_qdma_0_0_in_context.xdc, line 37).
Applied set_property IO_BUFFER_TYPE = NONE for pci_express_x16_rxp[11]. (constraint file  /home/khanna/CMAC-HBM/PCIe-HBM_basic-prj/vivado_gen/pcie-hbm_sim/pcie-hbm_sim.gen/sources_1/bd/qdma_hbm_bd/ip/qdma_hbm_bd_qdma_0_0/qdma_hbm_bd_qdma_0_0/qdma_hbm_bd_qdma_0_0_in_context.xdc, line 38).
Applied set_property CLOCK_BUFFER_TYPE = NONE for pci_express_x16_rxp[11]. (constraint file  /home/khanna/CMAC-HBM/PCIe-HBM_basic-prj/vivado_gen/pcie-hbm_sim/pcie-hbm_sim.gen/sources_1/bd/qdma_hbm_bd/ip/qdma_hbm_bd_qdma_0_0/qdma_hbm_bd_qdma_0_0/qdma_hbm_bd_qdma_0_0_in_context.xdc, line 39).
Applied set_property IO_BUFFER_TYPE = NONE for pci_express_x16_rxp[12]. (constraint file  /home/khanna/CMAC-HBM/PCIe-HBM_basic-prj/vivado_gen/pcie-hbm_sim/pcie-hbm_sim.gen/sources_1/bd/qdma_hbm_bd/ip/qdma_hbm_bd_qdma_0_0/qdma_hbm_bd_qdma_0_0/qdma_hbm_bd_qdma_0_0_in_context.xdc, line 40).
Applied set_property CLOCK_BUFFER_TYPE = NONE for pci_express_x16_rxp[12]. (constraint file  /home/khanna/CMAC-HBM/PCIe-HBM_basic-prj/vivado_gen/pcie-hbm_sim/pcie-hbm_sim.gen/sources_1/bd/qdma_hbm_bd/ip/qdma_hbm_bd_qdma_0_0/qdma_hbm_bd_qdma_0_0/qdma_hbm_bd_qdma_0_0_in_context.xdc, line 41).
Applied set_property IO_BUFFER_TYPE = NONE for pci_express_x16_rxp[13]. (constraint file  /home/khanna/CMAC-HBM/PCIe-HBM_basic-prj/vivado_gen/pcie-hbm_sim/pcie-hbm_sim.gen/sources_1/bd/qdma_hbm_bd/ip/qdma_hbm_bd_qdma_0_0/qdma_hbm_bd_qdma_0_0/qdma_hbm_bd_qdma_0_0_in_context.xdc, line 42).
Applied set_property CLOCK_BUFFER_TYPE = NONE for pci_express_x16_rxp[13]. (constraint file  /home/khanna/CMAC-HBM/PCIe-HBM_basic-prj/vivado_gen/pcie-hbm_sim/pcie-hbm_sim.gen/sources_1/bd/qdma_hbm_bd/ip/qdma_hbm_bd_qdma_0_0/qdma_hbm_bd_qdma_0_0/qdma_hbm_bd_qdma_0_0_in_context.xdc, line 43).
Applied set_property IO_BUFFER_TYPE = NONE for pci_express_x16_rxp[14]. (constraint file  /home/khanna/CMAC-HBM/PCIe-HBM_basic-prj/vivado_gen/pcie-hbm_sim/pcie-hbm_sim.gen/sources_1/bd/qdma_hbm_bd/ip/qdma_hbm_bd_qdma_0_0/qdma_hbm_bd_qdma_0_0/qdma_hbm_bd_qdma_0_0_in_context.xdc, line 44).
Applied set_property CLOCK_BUFFER_TYPE = NONE for pci_express_x16_rxp[14]. (constraint file  /home/khanna/CMAC-HBM/PCIe-HBM_basic-prj/vivado_gen/pcie-hbm_sim/pcie-hbm_sim.gen/sources_1/bd/qdma_hbm_bd/ip/qdma_hbm_bd_qdma_0_0/qdma_hbm_bd_qdma_0_0/qdma_hbm_bd_qdma_0_0_in_context.xdc, line 45).
Applied set_property IO_BUFFER_TYPE = NONE for pci_express_x16_rxp[15]. (constraint file  /home/khanna/CMAC-HBM/PCIe-HBM_basic-prj/vivado_gen/pcie-hbm_sim/pcie-hbm_sim.gen/sources_1/bd/qdma_hbm_bd/ip/qdma_hbm_bd_qdma_0_0/qdma_hbm_bd_qdma_0_0/qdma_hbm_bd_qdma_0_0_in_context.xdc, line 46).
Applied set_property CLOCK_BUFFER_TYPE = NONE for pci_express_x16_rxp[15]. (constraint file  /home/khanna/CMAC-HBM/PCIe-HBM_basic-prj/vivado_gen/pcie-hbm_sim/pcie-hbm_sim.gen/sources_1/bd/qdma_hbm_bd/ip/qdma_hbm_bd_qdma_0_0/qdma_hbm_bd_qdma_0_0/qdma_hbm_bd_qdma_0_0_in_context.xdc, line 47).
Applied set_property IO_BUFFER_TYPE = NONE for pci_express_x16_rxp[1]. (constraint file  /home/khanna/CMAC-HBM/PCIe-HBM_basic-prj/vivado_gen/pcie-hbm_sim/pcie-hbm_sim.gen/sources_1/bd/qdma_hbm_bd/ip/qdma_hbm_bd_qdma_0_0/qdma_hbm_bd_qdma_0_0/qdma_hbm_bd_qdma_0_0_in_context.xdc, line 48).
Applied set_property CLOCK_BUFFER_TYPE = NONE for pci_express_x16_rxp[1]. (constraint file  /home/khanna/CMAC-HBM/PCIe-HBM_basic-prj/vivado_gen/pcie-hbm_sim/pcie-hbm_sim.gen/sources_1/bd/qdma_hbm_bd/ip/qdma_hbm_bd_qdma_0_0/qdma_hbm_bd_qdma_0_0/qdma_hbm_bd_qdma_0_0_in_context.xdc, line 49).
Applied set_property IO_BUFFER_TYPE = NONE for pci_express_x16_rxp[2]. (constraint file  /home/khanna/CMAC-HBM/PCIe-HBM_basic-prj/vivado_gen/pcie-hbm_sim/pcie-hbm_sim.gen/sources_1/bd/qdma_hbm_bd/ip/qdma_hbm_bd_qdma_0_0/qdma_hbm_bd_qdma_0_0/qdma_hbm_bd_qdma_0_0_in_context.xdc, line 50).
Applied set_property CLOCK_BUFFER_TYPE = NONE for pci_express_x16_rxp[2]. (constraint file  /home/khanna/CMAC-HBM/PCIe-HBM_basic-prj/vivado_gen/pcie-hbm_sim/pcie-hbm_sim.gen/sources_1/bd/qdma_hbm_bd/ip/qdma_hbm_bd_qdma_0_0/qdma_hbm_bd_qdma_0_0/qdma_hbm_bd_qdma_0_0_in_context.xdc, line 51).
Applied set_property IO_BUFFER_TYPE = NONE for pci_express_x16_rxp[3]. (constraint file  /home/khanna/CMAC-HBM/PCIe-HBM_basic-prj/vivado_gen/pcie-hbm_sim/pcie-hbm_sim.gen/sources_1/bd/qdma_hbm_bd/ip/qdma_hbm_bd_qdma_0_0/qdma_hbm_bd_qdma_0_0/qdma_hbm_bd_qdma_0_0_in_context.xdc, line 52).
Applied set_property CLOCK_BUFFER_TYPE = NONE for pci_express_x16_rxp[3]. (constraint file  /home/khanna/CMAC-HBM/PCIe-HBM_basic-prj/vivado_gen/pcie-hbm_sim/pcie-hbm_sim.gen/sources_1/bd/qdma_hbm_bd/ip/qdma_hbm_bd_qdma_0_0/qdma_hbm_bd_qdma_0_0/qdma_hbm_bd_qdma_0_0_in_context.xdc, line 53).
Applied set_property IO_BUFFER_TYPE = NONE for pci_express_x16_rxp[4]. (constraint file  /home/khanna/CMAC-HBM/PCIe-HBM_basic-prj/vivado_gen/pcie-hbm_sim/pcie-hbm_sim.gen/sources_1/bd/qdma_hbm_bd/ip/qdma_hbm_bd_qdma_0_0/qdma_hbm_bd_qdma_0_0/qdma_hbm_bd_qdma_0_0_in_context.xdc, line 54).
Applied set_property CLOCK_BUFFER_TYPE = NONE for pci_express_x16_rxp[4]. (constraint file  /home/khanna/CMAC-HBM/PCIe-HBM_basic-prj/vivado_gen/pcie-hbm_sim/pcie-hbm_sim.gen/sources_1/bd/qdma_hbm_bd/ip/qdma_hbm_bd_qdma_0_0/qdma_hbm_bd_qdma_0_0/qdma_hbm_bd_qdma_0_0_in_context.xdc, line 55).
Applied set_property IO_BUFFER_TYPE = NONE for pci_express_x16_rxp[5]. (constraint file  /home/khanna/CMAC-HBM/PCIe-HBM_basic-prj/vivado_gen/pcie-hbm_sim/pcie-hbm_sim.gen/sources_1/bd/qdma_hbm_bd/ip/qdma_hbm_bd_qdma_0_0/qdma_hbm_bd_qdma_0_0/qdma_hbm_bd_qdma_0_0_in_context.xdc, line 56).
Applied set_property CLOCK_BUFFER_TYPE = NONE for pci_express_x16_rxp[5]. (constraint file  /home/khanna/CMAC-HBM/PCIe-HBM_basic-prj/vivado_gen/pcie-hbm_sim/pcie-hbm_sim.gen/sources_1/bd/qdma_hbm_bd/ip/qdma_hbm_bd_qdma_0_0/qdma_hbm_bd_qdma_0_0/qdma_hbm_bd_qdma_0_0_in_context.xdc, line 57).
Applied set_property IO_BUFFER_TYPE = NONE for pci_express_x16_rxp[6]. (constraint file  /home/khanna/CMAC-HBM/PCIe-HBM_basic-prj/vivado_gen/pcie-hbm_sim/pcie-hbm_sim.gen/sources_1/bd/qdma_hbm_bd/ip/qdma_hbm_bd_qdma_0_0/qdma_hbm_bd_qdma_0_0/qdma_hbm_bd_qdma_0_0_in_context.xdc, line 58).
Applied set_property CLOCK_BUFFER_TYPE = NONE for pci_express_x16_rxp[6]. (constraint file  /home/khanna/CMAC-HBM/PCIe-HBM_basic-prj/vivado_gen/pcie-hbm_sim/pcie-hbm_sim.gen/sources_1/bd/qdma_hbm_bd/ip/qdma_hbm_bd_qdma_0_0/qdma_hbm_bd_qdma_0_0/qdma_hbm_bd_qdma_0_0_in_context.xdc, line 59).
Applied set_property IO_BUFFER_TYPE = NONE for pci_express_x16_rxp[7]. (constraint file  /home/khanna/CMAC-HBM/PCIe-HBM_basic-prj/vivado_gen/pcie-hbm_sim/pcie-hbm_sim.gen/sources_1/bd/qdma_hbm_bd/ip/qdma_hbm_bd_qdma_0_0/qdma_hbm_bd_qdma_0_0/qdma_hbm_bd_qdma_0_0_in_context.xdc, line 60).
Applied set_property CLOCK_BUFFER_TYPE = NONE for pci_express_x16_rxp[7]. (constraint file  /home/khanna/CMAC-HBM/PCIe-HBM_basic-prj/vivado_gen/pcie-hbm_sim/pcie-hbm_sim.gen/sources_1/bd/qdma_hbm_bd/ip/qdma_hbm_bd_qdma_0_0/qdma_hbm_bd_qdma_0_0/qdma_hbm_bd_qdma_0_0_in_context.xdc, line 61).
Applied set_property IO_BUFFER_TYPE = NONE for pci_express_x16_rxp[8]. (constraint file  /home/khanna/CMAC-HBM/PCIe-HBM_basic-prj/vivado_gen/pcie-hbm_sim/pcie-hbm_sim.gen/sources_1/bd/qdma_hbm_bd/ip/qdma_hbm_bd_qdma_0_0/qdma_hbm_bd_qdma_0_0/qdma_hbm_bd_qdma_0_0_in_context.xdc, line 62).
Applied set_property CLOCK_BUFFER_TYPE = NONE for pci_express_x16_rxp[8]. (constraint file  /home/khanna/CMAC-HBM/PCIe-HBM_basic-prj/vivado_gen/pcie-hbm_sim/pcie-hbm_sim.gen/sources_1/bd/qdma_hbm_bd/ip/qdma_hbm_bd_qdma_0_0/qdma_hbm_bd_qdma_0_0/qdma_hbm_bd_qdma_0_0_in_context.xdc, line 63).
Applied set_property IO_BUFFER_TYPE = NONE for pci_express_x16_rxp[9]. (constraint file  /home/khanna/CMAC-HBM/PCIe-HBM_basic-prj/vivado_gen/pcie-hbm_sim/pcie-hbm_sim.gen/sources_1/bd/qdma_hbm_bd/ip/qdma_hbm_bd_qdma_0_0/qdma_hbm_bd_qdma_0_0/qdma_hbm_bd_qdma_0_0_in_context.xdc, line 64).
Applied set_property CLOCK_BUFFER_TYPE = NONE for pci_express_x16_rxp[9]. (constraint file  /home/khanna/CMAC-HBM/PCIe-HBM_basic-prj/vivado_gen/pcie-hbm_sim/pcie-hbm_sim.gen/sources_1/bd/qdma_hbm_bd/ip/qdma_hbm_bd_qdma_0_0/qdma_hbm_bd_qdma_0_0/qdma_hbm_bd_qdma_0_0_in_context.xdc, line 65).
Applied set_property IO_BUFFER_TYPE = NONE for pci_express_x16_txn[0]. (constraint file  /home/khanna/CMAC-HBM/PCIe-HBM_basic-prj/vivado_gen/pcie-hbm_sim/pcie-hbm_sim.gen/sources_1/bd/qdma_hbm_bd/ip/qdma_hbm_bd_qdma_0_0/qdma_hbm_bd_qdma_0_0/qdma_hbm_bd_qdma_0_0_in_context.xdc, line 66).
Applied set_property CLOCK_BUFFER_TYPE = NONE for pci_express_x16_txn[0]. (constraint file  /home/khanna/CMAC-HBM/PCIe-HBM_basic-prj/vivado_gen/pcie-hbm_sim/pcie-hbm_sim.gen/sources_1/bd/qdma_hbm_bd/ip/qdma_hbm_bd_qdma_0_0/qdma_hbm_bd_qdma_0_0/qdma_hbm_bd_qdma_0_0_in_context.xdc, line 67).
Applied set_property IO_BUFFER_TYPE = NONE for pci_express_x16_txn[10]. (constraint file  /home/khanna/CMAC-HBM/PCIe-HBM_basic-prj/vivado_gen/pcie-hbm_sim/pcie-hbm_sim.gen/sources_1/bd/qdma_hbm_bd/ip/qdma_hbm_bd_qdma_0_0/qdma_hbm_bd_qdma_0_0/qdma_hbm_bd_qdma_0_0_in_context.xdc, line 68).
Applied set_property CLOCK_BUFFER_TYPE = NONE for pci_express_x16_txn[10]. (constraint file  /home/khanna/CMAC-HBM/PCIe-HBM_basic-prj/vivado_gen/pcie-hbm_sim/pcie-hbm_sim.gen/sources_1/bd/qdma_hbm_bd/ip/qdma_hbm_bd_qdma_0_0/qdma_hbm_bd_qdma_0_0/qdma_hbm_bd_qdma_0_0_in_context.xdc, line 69).
Applied set_property IO_BUFFER_TYPE = NONE for pci_express_x16_txn[11]. (constraint file  /home/khanna/CMAC-HBM/PCIe-HBM_basic-prj/vivado_gen/pcie-hbm_sim/pcie-hbm_sim.gen/sources_1/bd/qdma_hbm_bd/ip/qdma_hbm_bd_qdma_0_0/qdma_hbm_bd_qdma_0_0/qdma_hbm_bd_qdma_0_0_in_context.xdc, line 70).
Applied set_property CLOCK_BUFFER_TYPE = NONE for pci_express_x16_txn[11]. (constraint file  /home/khanna/CMAC-HBM/PCIe-HBM_basic-prj/vivado_gen/pcie-hbm_sim/pcie-hbm_sim.gen/sources_1/bd/qdma_hbm_bd/ip/qdma_hbm_bd_qdma_0_0/qdma_hbm_bd_qdma_0_0/qdma_hbm_bd_qdma_0_0_in_context.xdc, line 71).
Applied set_property IO_BUFFER_TYPE = NONE for pci_express_x16_txn[12]. (constraint file  /home/khanna/CMAC-HBM/PCIe-HBM_basic-prj/vivado_gen/pcie-hbm_sim/pcie-hbm_sim.gen/sources_1/bd/qdma_hbm_bd/ip/qdma_hbm_bd_qdma_0_0/qdma_hbm_bd_qdma_0_0/qdma_hbm_bd_qdma_0_0_in_context.xdc, line 72).
Applied set_property CLOCK_BUFFER_TYPE = NONE for pci_express_x16_txn[12]. (constraint file  /home/khanna/CMAC-HBM/PCIe-HBM_basic-prj/vivado_gen/pcie-hbm_sim/pcie-hbm_sim.gen/sources_1/bd/qdma_hbm_bd/ip/qdma_hbm_bd_qdma_0_0/qdma_hbm_bd_qdma_0_0/qdma_hbm_bd_qdma_0_0_in_context.xdc, line 73).
Applied set_property IO_BUFFER_TYPE = NONE for pci_express_x16_txn[13]. (constraint file  /home/khanna/CMAC-HBM/PCIe-HBM_basic-prj/vivado_gen/pcie-hbm_sim/pcie-hbm_sim.gen/sources_1/bd/qdma_hbm_bd/ip/qdma_hbm_bd_qdma_0_0/qdma_hbm_bd_qdma_0_0/qdma_hbm_bd_qdma_0_0_in_context.xdc, line 74).
Applied set_property CLOCK_BUFFER_TYPE = NONE for pci_express_x16_txn[13]. (constraint file  /home/khanna/CMAC-HBM/PCIe-HBM_basic-prj/vivado_gen/pcie-hbm_sim/pcie-hbm_sim.gen/sources_1/bd/qdma_hbm_bd/ip/qdma_hbm_bd_qdma_0_0/qdma_hbm_bd_qdma_0_0/qdma_hbm_bd_qdma_0_0_in_context.xdc, line 75).
Applied set_property IO_BUFFER_TYPE = NONE for pci_express_x16_txn[14]. (constraint file  /home/khanna/CMAC-HBM/PCIe-HBM_basic-prj/vivado_gen/pcie-hbm_sim/pcie-hbm_sim.gen/sources_1/bd/qdma_hbm_bd/ip/qdma_hbm_bd_qdma_0_0/qdma_hbm_bd_qdma_0_0/qdma_hbm_bd_qdma_0_0_in_context.xdc, line 76).
Applied set_property CLOCK_BUFFER_TYPE = NONE for pci_express_x16_txn[14]. (constraint file  /home/khanna/CMAC-HBM/PCIe-HBM_basic-prj/vivado_gen/pcie-hbm_sim/pcie-hbm_sim.gen/sources_1/bd/qdma_hbm_bd/ip/qdma_hbm_bd_qdma_0_0/qdma_hbm_bd_qdma_0_0/qdma_hbm_bd_qdma_0_0_in_context.xdc, line 77).
Applied set_property IO_BUFFER_TYPE = NONE for pci_express_x16_txn[15]. (constraint file  /home/khanna/CMAC-HBM/PCIe-HBM_basic-prj/vivado_gen/pcie-hbm_sim/pcie-hbm_sim.gen/sources_1/bd/qdma_hbm_bd/ip/qdma_hbm_bd_qdma_0_0/qdma_hbm_bd_qdma_0_0/qdma_hbm_bd_qdma_0_0_in_context.xdc, line 78).
Applied set_property CLOCK_BUFFER_TYPE = NONE for pci_express_x16_txn[15]. (constraint file  /home/khanna/CMAC-HBM/PCIe-HBM_basic-prj/vivado_gen/pcie-hbm_sim/pcie-hbm_sim.gen/sources_1/bd/qdma_hbm_bd/ip/qdma_hbm_bd_qdma_0_0/qdma_hbm_bd_qdma_0_0/qdma_hbm_bd_qdma_0_0_in_context.xdc, line 79).
Applied set_property IO_BUFFER_TYPE = NONE for pci_express_x16_txn[1]. (constraint file  /home/khanna/CMAC-HBM/PCIe-HBM_basic-prj/vivado_gen/pcie-hbm_sim/pcie-hbm_sim.gen/sources_1/bd/qdma_hbm_bd/ip/qdma_hbm_bd_qdma_0_0/qdma_hbm_bd_qdma_0_0/qdma_hbm_bd_qdma_0_0_in_context.xdc, line 80).
Applied set_property CLOCK_BUFFER_TYPE = NONE for pci_express_x16_txn[1]. (constraint file  /home/khanna/CMAC-HBM/PCIe-HBM_basic-prj/vivado_gen/pcie-hbm_sim/pcie-hbm_sim.gen/sources_1/bd/qdma_hbm_bd/ip/qdma_hbm_bd_qdma_0_0/qdma_hbm_bd_qdma_0_0/qdma_hbm_bd_qdma_0_0_in_context.xdc, line 81).
Applied set_property IO_BUFFER_TYPE = NONE for pci_express_x16_txn[2]. (constraint file  /home/khanna/CMAC-HBM/PCIe-HBM_basic-prj/vivado_gen/pcie-hbm_sim/pcie-hbm_sim.gen/sources_1/bd/qdma_hbm_bd/ip/qdma_hbm_bd_qdma_0_0/qdma_hbm_bd_qdma_0_0/qdma_hbm_bd_qdma_0_0_in_context.xdc, line 82).
Applied set_property CLOCK_BUFFER_TYPE = NONE for pci_express_x16_txn[2]. (constraint file  /home/khanna/CMAC-HBM/PCIe-HBM_basic-prj/vivado_gen/pcie-hbm_sim/pcie-hbm_sim.gen/sources_1/bd/qdma_hbm_bd/ip/qdma_hbm_bd_qdma_0_0/qdma_hbm_bd_qdma_0_0/qdma_hbm_bd_qdma_0_0_in_context.xdc, line 83).
Applied set_property IO_BUFFER_TYPE = NONE for pci_express_x16_txn[3]. (constraint file  /home/khanna/CMAC-HBM/PCIe-HBM_basic-prj/vivado_gen/pcie-hbm_sim/pcie-hbm_sim.gen/sources_1/bd/qdma_hbm_bd/ip/qdma_hbm_bd_qdma_0_0/qdma_hbm_bd_qdma_0_0/qdma_hbm_bd_qdma_0_0_in_context.xdc, line 84).
Applied set_property CLOCK_BUFFER_TYPE = NONE for pci_express_x16_txn[3]. (constraint file  /home/khanna/CMAC-HBM/PCIe-HBM_basic-prj/vivado_gen/pcie-hbm_sim/pcie-hbm_sim.gen/sources_1/bd/qdma_hbm_bd/ip/qdma_hbm_bd_qdma_0_0/qdma_hbm_bd_qdma_0_0/qdma_hbm_bd_qdma_0_0_in_context.xdc, line 85).
Applied set_property IO_BUFFER_TYPE = NONE for pci_express_x16_txn[4]. (constraint file  /home/khanna/CMAC-HBM/PCIe-HBM_basic-prj/vivado_gen/pcie-hbm_sim/pcie-hbm_sim.gen/sources_1/bd/qdma_hbm_bd/ip/qdma_hbm_bd_qdma_0_0/qdma_hbm_bd_qdma_0_0/qdma_hbm_bd_qdma_0_0_in_context.xdc, line 86).
Applied set_property CLOCK_BUFFER_TYPE = NONE for pci_express_x16_txn[4]. (constraint file  /home/khanna/CMAC-HBM/PCIe-HBM_basic-prj/vivado_gen/pcie-hbm_sim/pcie-hbm_sim.gen/sources_1/bd/qdma_hbm_bd/ip/qdma_hbm_bd_qdma_0_0/qdma_hbm_bd_qdma_0_0/qdma_hbm_bd_qdma_0_0_in_context.xdc, line 87).
Applied set_property IO_BUFFER_TYPE = NONE for pci_express_x16_txn[5]. (constraint file  /home/khanna/CMAC-HBM/PCIe-HBM_basic-prj/vivado_gen/pcie-hbm_sim/pcie-hbm_sim.gen/sources_1/bd/qdma_hbm_bd/ip/qdma_hbm_bd_qdma_0_0/qdma_hbm_bd_qdma_0_0/qdma_hbm_bd_qdma_0_0_in_context.xdc, line 88).
Applied set_property CLOCK_BUFFER_TYPE = NONE for pci_express_x16_txn[5]. (constraint file  /home/khanna/CMAC-HBM/PCIe-HBM_basic-prj/vivado_gen/pcie-hbm_sim/pcie-hbm_sim.gen/sources_1/bd/qdma_hbm_bd/ip/qdma_hbm_bd_qdma_0_0/qdma_hbm_bd_qdma_0_0/qdma_hbm_bd_qdma_0_0_in_context.xdc, line 89).
Applied set_property IO_BUFFER_TYPE = NONE for pci_express_x16_txn[6]. (constraint file  /home/khanna/CMAC-HBM/PCIe-HBM_basic-prj/vivado_gen/pcie-hbm_sim/pcie-hbm_sim.gen/sources_1/bd/qdma_hbm_bd/ip/qdma_hbm_bd_qdma_0_0/qdma_hbm_bd_qdma_0_0/qdma_hbm_bd_qdma_0_0_in_context.xdc, line 90).
Applied set_property CLOCK_BUFFER_TYPE = NONE for pci_express_x16_txn[6]. (constraint file  /home/khanna/CMAC-HBM/PCIe-HBM_basic-prj/vivado_gen/pcie-hbm_sim/pcie-hbm_sim.gen/sources_1/bd/qdma_hbm_bd/ip/qdma_hbm_bd_qdma_0_0/qdma_hbm_bd_qdma_0_0/qdma_hbm_bd_qdma_0_0_in_context.xdc, line 91).
Applied set_property IO_BUFFER_TYPE = NONE for pci_express_x16_txn[7]. (constraint file  /home/khanna/CMAC-HBM/PCIe-HBM_basic-prj/vivado_gen/pcie-hbm_sim/pcie-hbm_sim.gen/sources_1/bd/qdma_hbm_bd/ip/qdma_hbm_bd_qdma_0_0/qdma_hbm_bd_qdma_0_0/qdma_hbm_bd_qdma_0_0_in_context.xdc, line 92).
Applied set_property CLOCK_BUFFER_TYPE = NONE for pci_express_x16_txn[7]. (constraint file  /home/khanna/CMAC-HBM/PCIe-HBM_basic-prj/vivado_gen/pcie-hbm_sim/pcie-hbm_sim.gen/sources_1/bd/qdma_hbm_bd/ip/qdma_hbm_bd_qdma_0_0/qdma_hbm_bd_qdma_0_0/qdma_hbm_bd_qdma_0_0_in_context.xdc, line 93).
Applied set_property IO_BUFFER_TYPE = NONE for pci_express_x16_txn[8]. (constraint file  /home/khanna/CMAC-HBM/PCIe-HBM_basic-prj/vivado_gen/pcie-hbm_sim/pcie-hbm_sim.gen/sources_1/bd/qdma_hbm_bd/ip/qdma_hbm_bd_qdma_0_0/qdma_hbm_bd_qdma_0_0/qdma_hbm_bd_qdma_0_0_in_context.xdc, line 94).
Applied set_property CLOCK_BUFFER_TYPE = NONE for pci_express_x16_txn[8]. (constraint file  /home/khanna/CMAC-HBM/PCIe-HBM_basic-prj/vivado_gen/pcie-hbm_sim/pcie-hbm_sim.gen/sources_1/bd/qdma_hbm_bd/ip/qdma_hbm_bd_qdma_0_0/qdma_hbm_bd_qdma_0_0/qdma_hbm_bd_qdma_0_0_in_context.xdc, line 95).
Applied set_property IO_BUFFER_TYPE = NONE for pci_express_x16_txn[9]. (constraint file  /home/khanna/CMAC-HBM/PCIe-HBM_basic-prj/vivado_gen/pcie-hbm_sim/pcie-hbm_sim.gen/sources_1/bd/qdma_hbm_bd/ip/qdma_hbm_bd_qdma_0_0/qdma_hbm_bd_qdma_0_0/qdma_hbm_bd_qdma_0_0_in_context.xdc, line 96).
Applied set_property CLOCK_BUFFER_TYPE = NONE for pci_express_x16_txn[9]. (constraint file  /home/khanna/CMAC-HBM/PCIe-HBM_basic-prj/vivado_gen/pcie-hbm_sim/pcie-hbm_sim.gen/sources_1/bd/qdma_hbm_bd/ip/qdma_hbm_bd_qdma_0_0/qdma_hbm_bd_qdma_0_0/qdma_hbm_bd_qdma_0_0_in_context.xdc, line 97).
Applied set_property IO_BUFFER_TYPE = NONE for pci_express_x16_txp[0]. (constraint file  /home/khanna/CMAC-HBM/PCIe-HBM_basic-prj/vivado_gen/pcie-hbm_sim/pcie-hbm_sim.gen/sources_1/bd/qdma_hbm_bd/ip/qdma_hbm_bd_qdma_0_0/qdma_hbm_bd_qdma_0_0/qdma_hbm_bd_qdma_0_0_in_context.xdc, line 98).
Applied set_property CLOCK_BUFFER_TYPE = NONE for pci_express_x16_txp[0]. (constraint file  /home/khanna/CMAC-HBM/PCIe-HBM_basic-prj/vivado_gen/pcie-hbm_sim/pcie-hbm_sim.gen/sources_1/bd/qdma_hbm_bd/ip/qdma_hbm_bd_qdma_0_0/qdma_hbm_bd_qdma_0_0/qdma_hbm_bd_qdma_0_0_in_context.xdc, line 99).
Applied set_property IO_BUFFER_TYPE = NONE for pci_express_x16_txp[10]. (constraint file  /home/khanna/CMAC-HBM/PCIe-HBM_basic-prj/vivado_gen/pcie-hbm_sim/pcie-hbm_sim.gen/sources_1/bd/qdma_hbm_bd/ip/qdma_hbm_bd_qdma_0_0/qdma_hbm_bd_qdma_0_0/qdma_hbm_bd_qdma_0_0_in_context.xdc, line 100).
Applied set_property CLOCK_BUFFER_TYPE = NONE for pci_express_x16_txp[10]. (constraint file  /home/khanna/CMAC-HBM/PCIe-HBM_basic-prj/vivado_gen/pcie-hbm_sim/pcie-hbm_sim.gen/sources_1/bd/qdma_hbm_bd/ip/qdma_hbm_bd_qdma_0_0/qdma_hbm_bd_qdma_0_0/qdma_hbm_bd_qdma_0_0_in_context.xdc, line 101).
Applied set_property IO_BUFFER_TYPE = NONE for pci_express_x16_txp[11]. (constraint file  /home/khanna/CMAC-HBM/PCIe-HBM_basic-prj/vivado_gen/pcie-hbm_sim/pcie-hbm_sim.gen/sources_1/bd/qdma_hbm_bd/ip/qdma_hbm_bd_qdma_0_0/qdma_hbm_bd_qdma_0_0/qdma_hbm_bd_qdma_0_0_in_context.xdc, line 102).
Applied set_property CLOCK_BUFFER_TYPE = NONE for pci_express_x16_txp[11]. (constraint file  /home/khanna/CMAC-HBM/PCIe-HBM_basic-prj/vivado_gen/pcie-hbm_sim/pcie-hbm_sim.gen/sources_1/bd/qdma_hbm_bd/ip/qdma_hbm_bd_qdma_0_0/qdma_hbm_bd_qdma_0_0/qdma_hbm_bd_qdma_0_0_in_context.xdc, line 103).
Applied set_property IO_BUFFER_TYPE = NONE for pci_express_x16_txp[12]. (constraint file  /home/khanna/CMAC-HBM/PCIe-HBM_basic-prj/vivado_gen/pcie-hbm_sim/pcie-hbm_sim.gen/sources_1/bd/qdma_hbm_bd/ip/qdma_hbm_bd_qdma_0_0/qdma_hbm_bd_qdma_0_0/qdma_hbm_bd_qdma_0_0_in_context.xdc, line 104).
Applied set_property CLOCK_BUFFER_TYPE = NONE for pci_express_x16_txp[12]. (constraint file  /home/khanna/CMAC-HBM/PCIe-HBM_basic-prj/vivado_gen/pcie-hbm_sim/pcie-hbm_sim.gen/sources_1/bd/qdma_hbm_bd/ip/qdma_hbm_bd_qdma_0_0/qdma_hbm_bd_qdma_0_0/qdma_hbm_bd_qdma_0_0_in_context.xdc, line 105).
Applied set_property IO_BUFFER_TYPE = NONE for pci_express_x16_txp[13]. (constraint file  /home/khanna/CMAC-HBM/PCIe-HBM_basic-prj/vivado_gen/pcie-hbm_sim/pcie-hbm_sim.gen/sources_1/bd/qdma_hbm_bd/ip/qdma_hbm_bd_qdma_0_0/qdma_hbm_bd_qdma_0_0/qdma_hbm_bd_qdma_0_0_in_context.xdc, line 106).
Applied set_property CLOCK_BUFFER_TYPE = NONE for pci_express_x16_txp[13]. (constraint file  /home/khanna/CMAC-HBM/PCIe-HBM_basic-prj/vivado_gen/pcie-hbm_sim/pcie-hbm_sim.gen/sources_1/bd/qdma_hbm_bd/ip/qdma_hbm_bd_qdma_0_0/qdma_hbm_bd_qdma_0_0/qdma_hbm_bd_qdma_0_0_in_context.xdc, line 107).
Applied set_property IO_BUFFER_TYPE = NONE for pci_express_x16_txp[14]. (constraint file  /home/khanna/CMAC-HBM/PCIe-HBM_basic-prj/vivado_gen/pcie-hbm_sim/pcie-hbm_sim.gen/sources_1/bd/qdma_hbm_bd/ip/qdma_hbm_bd_qdma_0_0/qdma_hbm_bd_qdma_0_0/qdma_hbm_bd_qdma_0_0_in_context.xdc, line 108).
Applied set_property CLOCK_BUFFER_TYPE = NONE for pci_express_x16_txp[14]. (constraint file  /home/khanna/CMAC-HBM/PCIe-HBM_basic-prj/vivado_gen/pcie-hbm_sim/pcie-hbm_sim.gen/sources_1/bd/qdma_hbm_bd/ip/qdma_hbm_bd_qdma_0_0/qdma_hbm_bd_qdma_0_0/qdma_hbm_bd_qdma_0_0_in_context.xdc, line 109).
Applied set_property IO_BUFFER_TYPE = NONE for pci_express_x16_txp[15]. (constraint file  /home/khanna/CMAC-HBM/PCIe-HBM_basic-prj/vivado_gen/pcie-hbm_sim/pcie-hbm_sim.gen/sources_1/bd/qdma_hbm_bd/ip/qdma_hbm_bd_qdma_0_0/qdma_hbm_bd_qdma_0_0/qdma_hbm_bd_qdma_0_0_in_context.xdc, line 110).
Applied set_property CLOCK_BUFFER_TYPE = NONE for pci_express_x16_txp[15]. (constraint file  /home/khanna/CMAC-HBM/PCIe-HBM_basic-prj/vivado_gen/pcie-hbm_sim/pcie-hbm_sim.gen/sources_1/bd/qdma_hbm_bd/ip/qdma_hbm_bd_qdma_0_0/qdma_hbm_bd_qdma_0_0/qdma_hbm_bd_qdma_0_0_in_context.xdc, line 111).
Applied set_property IO_BUFFER_TYPE = NONE for pci_express_x16_txp[1]. (constraint file  /home/khanna/CMAC-HBM/PCIe-HBM_basic-prj/vivado_gen/pcie-hbm_sim/pcie-hbm_sim.gen/sources_1/bd/qdma_hbm_bd/ip/qdma_hbm_bd_qdma_0_0/qdma_hbm_bd_qdma_0_0/qdma_hbm_bd_qdma_0_0_in_context.xdc, line 112).
Applied set_property CLOCK_BUFFER_TYPE = NONE for pci_express_x16_txp[1]. (constraint file  /home/khanna/CMAC-HBM/PCIe-HBM_basic-prj/vivado_gen/pcie-hbm_sim/pcie-hbm_sim.gen/sources_1/bd/qdma_hbm_bd/ip/qdma_hbm_bd_qdma_0_0/qdma_hbm_bd_qdma_0_0/qdma_hbm_bd_qdma_0_0_in_context.xdc, line 113).
Applied set_property IO_BUFFER_TYPE = NONE for pci_express_x16_txp[2]. (constraint file  /home/khanna/CMAC-HBM/PCIe-HBM_basic-prj/vivado_gen/pcie-hbm_sim/pcie-hbm_sim.gen/sources_1/bd/qdma_hbm_bd/ip/qdma_hbm_bd_qdma_0_0/qdma_hbm_bd_qdma_0_0/qdma_hbm_bd_qdma_0_0_in_context.xdc, line 114).
Applied set_property CLOCK_BUFFER_TYPE = NONE for pci_express_x16_txp[2]. (constraint file  /home/khanna/CMAC-HBM/PCIe-HBM_basic-prj/vivado_gen/pcie-hbm_sim/pcie-hbm_sim.gen/sources_1/bd/qdma_hbm_bd/ip/qdma_hbm_bd_qdma_0_0/qdma_hbm_bd_qdma_0_0/qdma_hbm_bd_qdma_0_0_in_context.xdc, line 115).
Applied set_property IO_BUFFER_TYPE = NONE for pci_express_x16_txp[3]. (constraint file  /home/khanna/CMAC-HBM/PCIe-HBM_basic-prj/vivado_gen/pcie-hbm_sim/pcie-hbm_sim.gen/sources_1/bd/qdma_hbm_bd/ip/qdma_hbm_bd_qdma_0_0/qdma_hbm_bd_qdma_0_0/qdma_hbm_bd_qdma_0_0_in_context.xdc, line 116).
Applied set_property CLOCK_BUFFER_TYPE = NONE for pci_express_x16_txp[3]. (constraint file  /home/khanna/CMAC-HBM/PCIe-HBM_basic-prj/vivado_gen/pcie-hbm_sim/pcie-hbm_sim.gen/sources_1/bd/qdma_hbm_bd/ip/qdma_hbm_bd_qdma_0_0/qdma_hbm_bd_qdma_0_0/qdma_hbm_bd_qdma_0_0_in_context.xdc, line 117).
Applied set_property IO_BUFFER_TYPE = NONE for pci_express_x16_txp[4]. (constraint file  /home/khanna/CMAC-HBM/PCIe-HBM_basic-prj/vivado_gen/pcie-hbm_sim/pcie-hbm_sim.gen/sources_1/bd/qdma_hbm_bd/ip/qdma_hbm_bd_qdma_0_0/qdma_hbm_bd_qdma_0_0/qdma_hbm_bd_qdma_0_0_in_context.xdc, line 118).
Applied set_property CLOCK_BUFFER_TYPE = NONE for pci_express_x16_txp[4]. (constraint file  /home/khanna/CMAC-HBM/PCIe-HBM_basic-prj/vivado_gen/pcie-hbm_sim/pcie-hbm_sim.gen/sources_1/bd/qdma_hbm_bd/ip/qdma_hbm_bd_qdma_0_0/qdma_hbm_bd_qdma_0_0/qdma_hbm_bd_qdma_0_0_in_context.xdc, line 119).
Applied set_property IO_BUFFER_TYPE = NONE for pci_express_x16_txp[5]. (constraint file  /home/khanna/CMAC-HBM/PCIe-HBM_basic-prj/vivado_gen/pcie-hbm_sim/pcie-hbm_sim.gen/sources_1/bd/qdma_hbm_bd/ip/qdma_hbm_bd_qdma_0_0/qdma_hbm_bd_qdma_0_0/qdma_hbm_bd_qdma_0_0_in_context.xdc, line 120).
Applied set_property CLOCK_BUFFER_TYPE = NONE for pci_express_x16_txp[5]. (constraint file  /home/khanna/CMAC-HBM/PCIe-HBM_basic-prj/vivado_gen/pcie-hbm_sim/pcie-hbm_sim.gen/sources_1/bd/qdma_hbm_bd/ip/qdma_hbm_bd_qdma_0_0/qdma_hbm_bd_qdma_0_0/qdma_hbm_bd_qdma_0_0_in_context.xdc, line 121).
Applied set_property IO_BUFFER_TYPE = NONE for pci_express_x16_txp[6]. (constraint file  /home/khanna/CMAC-HBM/PCIe-HBM_basic-prj/vivado_gen/pcie-hbm_sim/pcie-hbm_sim.gen/sources_1/bd/qdma_hbm_bd/ip/qdma_hbm_bd_qdma_0_0/qdma_hbm_bd_qdma_0_0/qdma_hbm_bd_qdma_0_0_in_context.xdc, line 122).
Applied set_property CLOCK_BUFFER_TYPE = NONE for pci_express_x16_txp[6]. (constraint file  /home/khanna/CMAC-HBM/PCIe-HBM_basic-prj/vivado_gen/pcie-hbm_sim/pcie-hbm_sim.gen/sources_1/bd/qdma_hbm_bd/ip/qdma_hbm_bd_qdma_0_0/qdma_hbm_bd_qdma_0_0/qdma_hbm_bd_qdma_0_0_in_context.xdc, line 123).
Applied set_property IO_BUFFER_TYPE = NONE for pci_express_x16_txp[7]. (constraint file  /home/khanna/CMAC-HBM/PCIe-HBM_basic-prj/vivado_gen/pcie-hbm_sim/pcie-hbm_sim.gen/sources_1/bd/qdma_hbm_bd/ip/qdma_hbm_bd_qdma_0_0/qdma_hbm_bd_qdma_0_0/qdma_hbm_bd_qdma_0_0_in_context.xdc, line 124).
Applied set_property CLOCK_BUFFER_TYPE = NONE for pci_express_x16_txp[7]. (constraint file  /home/khanna/CMAC-HBM/PCIe-HBM_basic-prj/vivado_gen/pcie-hbm_sim/pcie-hbm_sim.gen/sources_1/bd/qdma_hbm_bd/ip/qdma_hbm_bd_qdma_0_0/qdma_hbm_bd_qdma_0_0/qdma_hbm_bd_qdma_0_0_in_context.xdc, line 125).
Applied set_property IO_BUFFER_TYPE = NONE for pci_express_x16_txp[8]. (constraint file  /home/khanna/CMAC-HBM/PCIe-HBM_basic-prj/vivado_gen/pcie-hbm_sim/pcie-hbm_sim.gen/sources_1/bd/qdma_hbm_bd/ip/qdma_hbm_bd_qdma_0_0/qdma_hbm_bd_qdma_0_0/qdma_hbm_bd_qdma_0_0_in_context.xdc, line 126).
Applied set_property CLOCK_BUFFER_TYPE = NONE for pci_express_x16_txp[8]. (constraint file  /home/khanna/CMAC-HBM/PCIe-HBM_basic-prj/vivado_gen/pcie-hbm_sim/pcie-hbm_sim.gen/sources_1/bd/qdma_hbm_bd/ip/qdma_hbm_bd_qdma_0_0/qdma_hbm_bd_qdma_0_0/qdma_hbm_bd_qdma_0_0_in_context.xdc, line 127).
Applied set_property IO_BUFFER_TYPE = NONE for pci_express_x16_txp[9]. (constraint file  /home/khanna/CMAC-HBM/PCIe-HBM_basic-prj/vivado_gen/pcie-hbm_sim/pcie-hbm_sim.gen/sources_1/bd/qdma_hbm_bd/ip/qdma_hbm_bd_qdma_0_0/qdma_hbm_bd_qdma_0_0/qdma_hbm_bd_qdma_0_0_in_context.xdc, line 128).
Applied set_property CLOCK_BUFFER_TYPE = NONE for pci_express_x16_txp[9]. (constraint file  /home/khanna/CMAC-HBM/PCIe-HBM_basic-prj/vivado_gen/pcie-hbm_sim/pcie-hbm_sim.gen/sources_1/bd/qdma_hbm_bd/ip/qdma_hbm_bd_qdma_0_0/qdma_hbm_bd_qdma_0_0/qdma_hbm_bd_qdma_0_0_in_context.xdc, line 129).
Applied set_property KEEP_HIERARCHY = SOFT for i_hbm_interface. (constraint file  auto generated constraint).
Applied set_property KEEP_HIERARCHY = SOFT for i_hbm_interface/hbm_0. (constraint file  auto generated constraint).
Applied set_property KEEP_HIERARCHY = SOFT for i_hbm_interface/smartconnect_0. (constraint file  auto generated constraint).
Applied set_property KEEP_HIERARCHY = SOFT for i_hbm_interface/clk_wiz_0. (constraint file  auto generated constraint).
Applied set_property KEEP_HIERARCHY = SOFT for i_hbm_interface/proc_sys_reset_0. (constraint file  auto generated constraint).
Applied set_property KEEP_HIERARCHY = SOFT for i_hbm_interface/qdma_0. (constraint file  auto generated constraint).
Applied set_property KEEP_HIERARCHY = SOFT for i_hbm_interface/blk_mem_gen_0. (constraint file  auto generated constraint).
Applied set_property KEEP_HIERARCHY = SOFT for i_hbm_interface/axi_bram_ctrl_0. (constraint file  auto generated constraint).
Applied set_property KEEP_HIERARCHY = SOFT for i_hbm_interface/xlconstant_1. (constraint file  auto generated constraint).
---------------------------------------------------------------------------------
Finished applying 'set_property' XDC Constraints : Time (s): cpu = 00:00:13 ; elapsed = 00:00:14 . Memory (MB): peak = 3393.730 ; gain = 428.578 ; free physical = 24015 ; free virtual = 51029
---------------------------------------------------------------------------------
---------------------------------------------------------------------------------
Finished RTL Optimization Phase 2 : Time (s): cpu = 00:00:14 ; elapsed = 00:00:14 . Memory (MB): peak = 3393.730 ; gain = 428.578 ; free physical = 24022 ; free virtual = 51037
---------------------------------------------------------------------------------
---------------------------------------------------------------------------------
Start RTL Component Statistics 
---------------------------------------------------------------------------------
Detailed RTL Component Info : 
---------------------------------------------------------------------------------
Finished RTL Component Statistics 
---------------------------------------------------------------------------------
---------------------------------------------------------------------------------
Start Part Resource Summary
---------------------------------------------------------------------------------
Part Resources:
DSPs: 9024 (col length:94)
BRAMs: 4032 (col length: RAMB18 288 RAMB36 144)
---------------------------------------------------------------------------------
Finished Part Resource Summary
---------------------------------------------------------------------------------
---------------------------------------------------------------------------------
Start Cross Boundary and Area Optimization
---------------------------------------------------------------------------------
WARNING: [Synth 8-7080] Parallel synthesis criteria is not met
WARNING: [Synth 8-3332] Sequential element (sys_reset_n_ibuf) is unused and will be removed from module top.
---------------------------------------------------------------------------------
Finished Cross Boundary and Area Optimization : Time (s): cpu = 00:00:14 ; elapsed = 00:00:15 . Memory (MB): peak = 3393.730 ; gain = 428.578 ; free physical = 24018 ; free virtual = 51038
---------------------------------------------------------------------------------
---------------------------------------------------------------------------------
Start Applying XDC Timing Constraints
---------------------------------------------------------------------------------
---------------------------------------------------------------------------------
Finished Applying XDC Timing Constraints : Time (s): cpu = 00:00:20 ; elapsed = 00:00:20 . Memory (MB): peak = 3882.211 ; gain = 917.059 ; free physical = 23583 ; free virtual = 50604
---------------------------------------------------------------------------------
---------------------------------------------------------------------------------
Start Timing Optimization
---------------------------------------------------------------------------------
---------------------------------------------------------------------------------
Finished Timing Optimization : Time (s): cpu = 00:00:20 ; elapsed = 00:00:20 . Memory (MB): peak = 3882.211 ; gain = 917.059 ; free physical = 23583 ; free virtual = 50604
---------------------------------------------------------------------------------
---------------------------------------------------------------------------------
Start Technology Mapping
---------------------------------------------------------------------------------
---------------------------------------------------------------------------------
Finished Technology Mapping : Time (s): cpu = 00:00:20 ; elapsed = 00:00:20 . Memory (MB): peak = 3895.227 ; gain = 930.074 ; free physical = 23576 ; free virtual = 50596
---------------------------------------------------------------------------------
---------------------------------------------------------------------------------
Start IO Insertion
---------------------------------------------------------------------------------
---------------------------------------------------------------------------------
Start Flattening Before IO Insertion
---------------------------------------------------------------------------------
---------------------------------------------------------------------------------
Finished Flattening Before IO Insertion
---------------------------------------------------------------------------------
---------------------------------------------------------------------------------
Start Final Netlist Cleanup
---------------------------------------------------------------------------------
---------------------------------------------------------------------------------
Finished Final Netlist Cleanup
---------------------------------------------------------------------------------
---------------------------------------------------------------------------------
Finished IO Insertion : Time (s): cpu = 00:00:22 ; elapsed = 00:00:23 . Memory (MB): peak = 4055.039 ; gain = 1089.887 ; free physical = 23439 ; free virtual = 50460
---------------------------------------------------------------------------------
---------------------------------------------------------------------------------
Start Renaming Generated Instances
---------------------------------------------------------------------------------
---------------------------------------------------------------------------------
Finished Renaming Generated Instances : Time (s): cpu = 00:00:22 ; elapsed = 00:00:23 . Memory (MB): peak = 4055.039 ; gain = 1089.887 ; free physical = 23439 ; free virtual = 50460
---------------------------------------------------------------------------------
---------------------------------------------------------------------------------
Start Rebuilding User Hierarchy
---------------------------------------------------------------------------------
---------------------------------------------------------------------------------
Finished Rebuilding User Hierarchy : Time (s): cpu = 00:00:22 ; elapsed = 00:00:23 . Memory (MB): peak = 4055.039 ; gain = 1089.887 ; free physical = 23439 ; free virtual = 50460
---------------------------------------------------------------------------------
---------------------------------------------------------------------------------
Start Renaming Generated Ports
---------------------------------------------------------------------------------
---------------------------------------------------------------------------------
Finished Renaming Generated Ports : Time (s): cpu = 00:00:22 ; elapsed = 00:00:23 . Memory (MB): peak = 4055.039 ; gain = 1089.887 ; free physical = 23439 ; free virtual = 50460
---------------------------------------------------------------------------------
---------------------------------------------------------------------------------
Start Handling Custom Attributes
---------------------------------------------------------------------------------
---------------------------------------------------------------------------------
Finished Handling Custom Attributes : Time (s): cpu = 00:00:22 ; elapsed = 00:00:23 . Memory (MB): peak = 4055.039 ; gain = 1089.887 ; free physical = 23439 ; free virtual = 50460
---------------------------------------------------------------------------------
---------------------------------------------------------------------------------
Start Renaming Generated Nets
---------------------------------------------------------------------------------
---------------------------------------------------------------------------------
Finished Renaming Generated Nets : Time (s): cpu = 00:00:22 ; elapsed = 00:00:23 . Memory (MB): peak = 4055.039 ; gain = 1089.887 ; free physical = 23439 ; free virtual = 50460
---------------------------------------------------------------------------------
---------------------------------------------------------------------------------
Start Writing Synthesis Report
---------------------------------------------------------------------------------

Report BlackBoxes: 
+------+-------------------------------+----------+
|      |BlackBox name                  |Instances |
+------+-------------------------------+----------+
|1     |qdma_hbm_bd_axi_bram_ctrl_0_0  |         1|
|2     |qdma_hbm_bd_blk_mem_gen_0_0    |         1|
|3     |qdma_hbm_bd_clk_wiz_0_0        |         1|
|4     |qdma_hbm_bd_hbm_0_0            |         1|
|5     |qdma_hbm_bd_proc_sys_reset_0_0 |         1|
|6     |qdma_hbm_bd_qdma_0_0           |         1|
|7     |qdma_hbm_bd_smartconnect_0_0   |         1|
+------+-------------------------------+----------+

Report Cell Usage: 
+------+-----------------------------+------+
|      |Cell                         |Count |
+------+-----------------------------+------+
|1     |qdma_hbm_bd_axi_bram_ctrl_0  |     1|
|2     |qdma_hbm_bd_blk_mem_gen_0    |     1|
|3     |qdma_hbm_bd_clk_wiz_0        |     1|
|4     |qdma_hbm_bd_hbm_0            |     1|
|5     |qdma_hbm_bd_proc_sys_reset_0 |     1|
|6     |qdma_hbm_bd_qdma_0           |     1|
|7     |qdma_hbm_bd_smartconnect_0   |     1|
|8     |IBUFDS_GTE4                  |     1|
|9     |IBUF                         |     1|
+------+-----------------------------+------+
---------------------------------------------------------------------------------
Finished Writing Synthesis Report : Time (s): cpu = 00:00:22 ; elapsed = 00:00:23 . Memory (MB): peak = 4055.039 ; gain = 1089.887 ; free physical = 23439 ; free virtual = 50460
---------------------------------------------------------------------------------
Synthesis finished with 0 errors, 0 critical warnings and 2 warnings.
Synthesis Optimization Runtime : Time (s): cpu = 00:00:17 ; elapsed = 00:00:18 . Memory (MB): peak = 4055.039 ; gain = 1024.914 ; free physical = 23441 ; free virtual = 50462
Synthesis Optimization Complete : Time (s): cpu = 00:00:22 ; elapsed = 00:00:23 . Memory (MB): peak = 4055.039 ; gain = 1089.887 ; free physical = 23441 ; free virtual = 50462
INFO: [Project 1-571] Translating synthesized netlist
Netlist sorting complete. Time (s): cpu = 00:00:00.01 ; elapsed = 00:00:00.01 . Memory (MB): peak = 4055.039 ; gain = 0.000 ; free physical = 23619 ; free virtual = 50639
INFO: [Netlist 29-17] Analyzing 1 Unisim elements for replacement
INFO: [Netlist 29-28] Unisim Transformation completed in 0 CPU seconds
INFO: [Project 1-570] Preparing netlist for logic optimization
INFO: [Opt 31-138] Pushed 0 inverter(s) to 0 load pin(s).
Netlist sorting complete. Time (s): cpu = 00:00:00 ; elapsed = 00:00:00 . Memory (MB): peak = 4055.039 ; gain = 0.000 ; free physical = 23622 ; free virtual = 50642
INFO: [Project 1-111] Unisim Transformation Summary:
  A total of 1 instances were transformed.
  IBUF => IBUF (IBUFCTRL, INBUF): 1 instance 

Synth Design complete | Checksum: 74cf2d62
INFO: [Common 17-83] Releasing license: Synthesis
47 Infos, 69 Warnings, 0 Critical Warnings and 0 Errors encountered.
synth_design completed successfully
synth_design: Time (s): cpu = 00:00:33 ; elapsed = 00:00:32 . Memory (MB): peak = 4055.039 ; gain = 2491.707 ; free physical = 23622 ; free virtual = 50642
INFO: [Common 17-2834] synth_design peak Physical Memory [PSS] (MB): overall = 3247.636; main = 3218.723; forked = 268.435
INFO: [Common 17-2834] synth_design peak Virtual Memory [VSS] (MB): overall = 4757.016; main = 4027.305; forked = 915.801
Write ShapeDB Complete: Time (s): cpu = 00:00:00 ; elapsed = 00:00:00 . Memory (MB): peak = 4055.039 ; gain = 0.000 ; free physical = 23622 ; free virtual = 50642
INFO: [Common 17-1381] The checkpoint '/home/khanna/CMAC-HBM/PCIe-HBM_basic-prj/vivado_gen/pcie-hbm_sim/pcie-hbm_sim.runs/synth_1/top.dcp' has been generated.
INFO: [Vivado 12-24828] Executing command : report_utilization -file top_utilization_synth.rpt -pb top_utilization_synth.pb
INFO: [Common 17-206] Exiting Vivado at Thu Apr  3 09:50:35 2025...
